codon	dS	dN	no change
0	0	2	 733
1	0	2	 733
2	0	2	 733
3	0	2	 733
4	0	2	 733
5	0	2	 733
6	0	2	 733
7	0	2	 733
8	0	2	 733
9	0	2	 733
10	0	2	 733
11	0	2	 733
12	0	2	 733
13	0	2	 733
14	0	2	 733
15	0	2	 733
16	0	2	 733
17	0	2	 733
18	0	2	 733
19	0	2	 733
20	0	2	 733
21	0	2	 733
22	0	2	 733
23	0	2	 733
24	0	2	 733
25	0	2	 733
26	0	2	 733
27	0	2	 733
28	0	2	 733
29	0	2	 733
30	0	2	 733
31	0	2	 733
32	0	2	 733
33	0	2	 733
34	0	2	 733
35	0	2	 733
36	0	2	 733
37	0	2	 733
38	0	2	 733
39	0	2	 733
40	0	2	 733
41	0	2	 733
42	0	2	 733
43	0	2	 733
44	0	2	 733
45	0	2	 733
46	0	2	 733
47	0	2	 733
48	0	2	 733
49	0	2	 733
50	0	2	 733
51	0	2	 733
52	0	2	 733
53	0	2	 733
54	0	2	 733
55	0	2	 733
56	0	2	 733
57	0	2	 733
58	0	2	 733
59	0	2	 733
60	0	2	 733
61	0	2	 733
62	0	2	 733
63	0	2	 733
64	0	2	 733
65	0	2	 733
66	0	2	 733
67	0	2	 733
68	0	2	 733
69	0	2	 733
70	0	2	 733
71	0	2	 733
72	0	2	 733
73	0	2	 733
74	0	2	 733
75	0	2	 733
76	0	2	 733
77	0	2	 733
78	0	2	 733
79	0	2	 733
80	0	2	 733
81	0	2	 733
82	0	2	 733
83	0	2	 733
84	0	2	 733
85	0	2	 733
86	0	2	 733
87	0	2	 733
88	0	2	 733
89	0	2	 733
90	0	2	 733
91	0	2	 733
92	0	2	 733
93	0	2	 733
94	0	2	 733
95	0	2	 733
96	0	2	 733
97	0	2	 733
98	0	2	 733
99	0	2	 733
100	0	2	 733
101	0	2	 733
102	0	2	 733
103	0	2	 733
104	0	2	 733
105	0	2	 733
106	0	2	 733
107	0	2	 733
108	0	2	 733
109	0	2	 733
110	0	2	 733
111	0	2	 733
112	0	2	 733
113	0	2	 733
114	0	2	 733
115	0	2	 733
116	0	2	 733
117	0	2	 733
118	0	2	 733
119	0	2	 733
120	0	2	 733
121	0	2	 733
122	0	2	 733
123	0	2	 733
124	0	2	 733
125	0	2	 733
126	0	2	 733
127	0	2	 733
128	0	2	 733
129	0	2	 733
130	0	2	 733
131	0	2	 733
132	0	2	 733
133	0	2	 733
134	0	2	 733
135	0	2	 733
136	0	2	 733
137	0	2	 733
138	0	2	 733
139	0	2	 733
140	0	2	 733
141	0	2	 733
142	0	2	 733
143	0	2	 733
144	0	2	 733
145	0	2	 733
146	0	2	 733
147	0	2	 733
148	0	2	 733
149	0	2	 733
150	0	2	 733
151	0	2	 733
152	0	2	 733
153	0	2	 733
154	0	2	 733
155	0	2	 733
156	0	2	 733
157	0	2	 733
158	0	2	 733
159	0	2	 733
160	0	2	 733
161	0	2	 733
162	0	2	 733
163	0	2	 733
164	0	2	 733
165	0	2	 733
166	0	2	 733
167	0	2	 733
168	0	2	 733
169	0	2	 733
170	0	2	 733
171	0	2	 733
172	0	2	 733
173	0	2	 733
174	0	2	 733
175	0	2	 733
176	0	2	 733
177	0	2	 733
178	0	2	 733
179	0	2	 733
180	0	2	 733
181	0	2	 733
182	0	2	 733
183	0	2	 733
184	0	2	 733
185	0	2	 733
186	0	2	 733
187	0	2	 733
188	0	2	 733
189	0	2	 733
190	0	2	 733
191	0	2	 733
192	0	2	 733
193	0	2	 733
194	0	2	 733
195	0	2	 733
196	0	2	 733
197	0	2	 733
198	0	2	 733
199	0	2	 733
200	0	2	 733
201	0	2	 733
202	0	2	 733
203	0	2	 733
204	0	2	 733
205	0	2	 733
206	0	2	 733
207	0	2	 733
208	0	2	 733
209	0	2	 733
210	0	2	 733
211	0	2	 733
212	0	2	 733
213	0	2	 733
214	0	2	 733
215	0	2	 733
216	0	2	 733
217	0	2	 733
218	0	2	 733
219	0	2	 733
220	0	2	 733
221	0	2	 733
222	0	2	 733
223	0	2	 733
224	0	2	 733
225	0	2	 733
226	0	2	 733
227	0	2	 733
228	0	2	 733
229	0	2	 733
230	0	2	 733
231	0	2	 733
232	0	2	 733
233	0	2	 733
234	0	2	 733
235	0	2	 733
236	0	2	 733
237	0	2	 733
238	0	2	 733
239	0	2	 733
240	0	2	 733
241	0	2	 733
242	0	2	 733
243	0	2	 733
244	0	2	 733
245	0	2	 733
246	0	2	 733
247	0	2	 733
248	0	2	 733
249	0	2	 733
250	0	2	 733
251	0	2	 733
252	0	2	 733
253	0	2	 733
254	0	2	 733
255	0	2	 733
256	0	2	 733
257	0	2	 733
258	0	2	 733
259	0	2	 733
260	0	2	 733
261	0	2	 733
262	0	2	 733
263	0	2	 733
264	0	2	 733
265	0	2	 733
266	0	2	 733
267	0	2	 733
268	0	2	 733
269	0	2	 733
270	0	2	 733
271	0	2	 733
272	0	2	 733
273	0	2	 733
274	0	2	 733
275	0	2	 733
276	0	2	 733
277	0	2	 733
278	0	2	 733
279	0	2	 733
280	0	2	 733
281	0	2	 733
282	0	2	 733
283	0	2	 733
284	0	2	 733
285	0	2	 733
286	0	2	 733
287	0	2	 733
288	0	2	 733
289	0	2	 733
290	0	2	 733
291	0	2	 733
292	0	2	 733
293	0	2	 733
294	0	2	 733
295	0	2	 733
296	0	2	 733
297	0	2	 733
298	0	2	 733
299	0	2	 733
300	0	2	 733
301	0	2	 733
302	0	2	 733
303	0	2	 733
304	0	2	 733
305	0	2	 733
306	0	2	 733
307	0	2	 733
308	0	2	 733
309	0	2	 733
310	0	2	 733
311	0	2	 733
312	0	2	 733
313	0	2	 733
314	0	2	 733
315	0	2	 733
316	0	2	 733
317	0	2	 733
318	0	2	 733
319	0	2	 733
320	0	2	 733
321	0	2	 733
322	0	2	 733
323	0	2	 733
324	0	2	 733
325	0	2	 733
326	0	2	 733
327	0	2	 733
328	0	2	 733
329	0	2	 733
330	0	2	 733
331	0	2	 733
332	0	2	 733
333	0	2	 733
334	0	2	 733
335	0	2	 733
336	0	2	 733
337	0	2	 733
338	0	2	 733
339	0	2	 733
340	0	2	 733
341	0	2	 733
342	0	2	 733
343	0	2	 733
344	0	2	 733
345	0	2	 733
346	0	2	 733
347	0	2	 733
348	0	2	 733
349	0	2	 733
350	0	2	 733
351	0	2	 733
352	0	2	 733
353	0	2	 733
354	0	2	 733
355	0	2	 733
356	0	2	 733
357	0	2	 733
358	0	2	 733
359	0	2	 733
360	0	2	 733
361	0	2	 733
362	0	2	 733
363	0	2	 733
364	0	2	 733
365	0	2	 733
366	0	2	 733
367	0	2	 733
368	0	2	 733
369	0	2	 733
370	0	2	 733
371	0	2	 733
372	0	2	 733
373	0	2	 733
374	0	2	 733
375	0	2	 733
376	0	2	 733
377	0	2	 733
378	0	2	 733
379	0	2	 733
380	0	2	 733
381	0	2	 733
382	0	2	 733
383	0	2	 733
384	0	2	 733
385	0	2	 733
386	0	2	 733
387	0	2	 733
388	0	2	 733
389	0	2	 733
390	0	2	 733
391	0	2	 733
392	0	2	 733
393	0	2	 733
394	0	2	 733
395	0	2	 733
396	0	2	 733
397	0	2	 733
398	0	2	 733
399	0	2	 733
400	0	2	 733
401	0	2	 733
402	0	2	 733
403	0	2	 733
404	0	2	 733
405	0	2	 733
406	0	2	 733
407	0	2	 733
408	0	2	 733
409	0	2	 733
410	0	2	 733
411	0	2	 733
412	0	2	 733
413	0	2	 733
414	0	2	 733
415	0	2	 733
416	0	2	 733
417	0	2	 733
418	0	2	 733
419	0	2	 733
420	0	2	 733
421	0	2	 733
422	0	2	 733
423	0	2	 733
424	0	2	 733
425	0	2	 733
426	0	2	 733
427	0	2	 733
428	0	2	 733
429	0	2	 733
430	0	2	 733
431	0	2	 733
432	0	2	 733
433	0	2	 733
434	0	2	 733
435	0	2	 733
436	0	2	 733
437	0	2	 733
438	0	2	 733
439	0	2	 733
440	0	2	 733
441	0	2	 733
442	0	2	 733
443	0	2	 733
444	0	2	 733
445	0	9	 726
446	0	296	 439
447	0	296	 439
448	0	345	 390
449	0	345	 390
450	0	345	 390
451	0	345	 390
452	0	615	 120
453	344	271	 120
454	0	617	 118
455	0	615	 120
456	460	39	 236
457	0	615	 120
458	0	615	 120
459	296	269	 170
460	80	556	 99
461	0	487	 248
462	0	487	 248
463	0	487	 248
464	0	404	 331
465	0	487	 248
466	0	487	 248
467	0	487	 248
468	0	487	 248
469	0	487	 248
470	0	142	 593
471	0	142	 593
472	0	142	 593
473	0	142	 593
474	0	142	 593
475	0	142	 593
476	0	142	 593
477	0	142	 593
478	0	142	 593
479	0	142	 593
480	0	82	 653
481	0	487	 248
482	0	487	 248
483	0	487	 248
484	0	487	 248
485	0	487	 248
486	0	487	 248
487	0	487	 248
488	0	487	 248
489	0	487	 248
490	0	345	 390
491	0	345	 390
492	0	345	 390
493	0	345	 390
494	0	345	 390
495	0	430	 305
496	0	430	 305
497	0	430	 305
498	0	430	 305
499	0	430	 305
500	0	491	 244
501	0	573	 162
502	0	573	 162
503	0	573	 162
504	0	573	 162
505	0	573	 162
506	0	573	 162
507	0	570	 165
508	0	574	 161
509	0	574	 161
510	0	574	 161
511	0	489	 246
512	0	489	 246
513	0	488	 247
514	0	429	 306
515	0	346	 389
516	0	346	 389
517	0	346	 389
518	0	346	 389
519	0	346	 389
520	0	437	 298
521	0	497	 238
522	0	497	 238
523	0	355	 380
524	0	355	 380
525	0	355	 380
526	0	355	 380
527	0	355	 380
528	0	346	 389
529	0	346	 389
530	4	615	 116
531	3	271	 461
532	338	269	 128
533	0	615	 120
534	0	615	 120
535	0	615	 120
536	0	270	 465
537	0	346	 389
538	86	530	 119
539	0	615	 120
540	0	615	 120
541	162	473	 100
542	0	615	 120
543	0	616	 119
544	0	615	 120
545	1	635	 99
546	0	615	 120
547	490	125	 120
548	2	530	 203
549	25	282	 428
550	0	615	 120
551	441	269	 25
552	0	431	 304
553	0	431	 304
554	0	431	 304
555	0	615	 120
556	0	615	 120
557	275	47	 413
558	0	615	 120
559	154	479	 102
560	20	615	 100
561	89	530	 116
562	6	615	 114
563	1	615	 119
564	629	18	 88
565	80	634	 21
566	28	615	 92
567	348	269	 118
568	0	634	 101
569	80	556	 99
570	0	1	 734
571	361	269	 105
572	0	615	 120
573	142	473	 120
574	2	615	 118
575	34	606	 95
576	82	533	 120
577	0	615	 120
578	7	615	 113
579	0	497	 238
580	0	497	 238
581	0	488	 247
582	0	488	 247
583	0	488	 247
584	0	140	 595
585	0	142	 593
586	0	142	 593
587	0	497	 238
588	0	497	 238
589	0	497	 238
590	0	497	 238
591	0	438	 297
592	0	497	 238
593	0	497	 238
594	0	497	 238
595	0	497	 238
596	0	491	 244
597	0	497	 238
598	0	497	 238
599	0	497	 238
600	0	151	 584
601	0	151	 584
602	0	151	 584
603	0	151	 584
604	0	151	 584
605	0	151	 584
606	0	151	 584
607	0	151	 584
608	0	151	 584
609	0	68	 667
610	0	151	 584
611	0	151	 584
612	0	151	 584
613	0	151	 584
614	0	151	 584
615	0	151	 584
616	0	142	 593
617	0	1	 734
618	0	499	 236
619	0	499	 236
620	0	499	 236
621	0	499	 236
622	0	499	 236
623	0	490	 245
624	0	490	 245
625	0	42	 693
626	0	159	 576
627	0	159	 576
628	0	159	 576
629	0	143	 592
630	0	143	 592
631	0	143	 592
632	0	152	 583
633	0	152	 583
634	0	152	 583
635	0	498	 237
636	0	498	 237
637	28	184	 523
638	20	581	 134
639	399	125	 211
640	21	615	 99
641	4	615	 116
642	30	615	 90
643	0	489	 246
644	0	489	 246
645	0	346	 389
646	0	346	 389
647	0	346	 389
648	0	346	 389
649	0	355	 380
650	0	498	 237
651	0	498	 237
652	0	498	 237
653	0	498	 237
654	0	498	 237
655	0	498	 237
656	0	488	 247
657	0	498	 237
658	0	498	 237
659	0	498	 237
660	0	9	 726
661	0	9	 726
662	0	9	 726
663	0	10	 725
664	0	10	 725
665	0	10	 725
666	0	499	 236
667	0	499	 236
668	9	606	 120
669	452	163	 120
670	22	615	 98
671	85	550	 100
672	21	615	 99
673	87	534	 114
674	61	556	 118
675	30	607	 98
676	25	614	 96
677	0	615	 120
678	0	615	 120
679	4	634	 97
680	22	615	 98
681	69	270	 396
682	0	615	 120
683	0	615	 120
684	334	269	 132
685	0	93	 642
686	0	9	 726
687	0	9	 726
688	0	9	 726
689	0	153	 582
690	0	153	 582
691	0	153	 582
692	0	152	 583
693	0	151	 584
694	0	152	 583
695	0	152	 583
696	0	9	 726
697	0	9	 726
698	0	9	 726
699	0	9	 726
700	0	9	 726
701	0	10	 725
702	0	9	 726
703	0	9	 726
704	0	9	 726
705	0	152	 583
706	0	152	 583
707	0	152	 583
708	0	152	 583
709	0	152	 583
710	0	152	 583
711	0	152	 583
712	0	68	 667
713	0	68	 667
714	0	150	 585
715	0	152	 583
716	0	143	 592
717	116	615	 4
718	41	574	 120
719	22	616	 97
720	6	615	 114
721	347	269	 119
722	163	472	 100
723	2	614	 119
724	2	615	 118
725	0	615	 120
726	23	615	 97
727	0	615	 120
728	149	473	 113
729	11	605	 119
730	187	463	 85
731	111	532	 92
732	488	127	 120
733	105	532	 98
734	0	346	 389
735	0	346	 389
736	0	346	 389
737	0	346	 389
738	0	346	 389
739	0	346	 389
740	0	346	 389
741	0	346	 389
742	0	346	 389
743	0	346	 389
744	0	346	 389
745	0	346	 389
746	0	346	 389
747	0	346	 389
748	0	346	 389
749	0	346	 389
750	0	346	 389
751	0	346	 389
752	0	346	 389
753	0	346	 389
754	0	346	 389
755	0	489	 246
756	0	432	 303
757	0	490	 245
758	20	615	 100
759	17	269	 449
760	408	119	 208
761	31	606	 98
762	138	477	 120
763	57	559	 119
764	73	564	 98
765	338	269	 128
766	19	615	 101
767	0	615	 120
768	19	615	 101
769	0	615	 120
770	0	615	 120
771	132	185	 418
772	0	638	 97
773	482	158	 95
774	4	633	 98
775	2	636	 97
776	299	341	 95
777	2	635	 98
778	481	160	 94
779	2	635	 98
780	0	498	 237
781	0	498	 237
782	0	495	 240
783	0	498	 237
784	0	152	 583
785	0	152	 583
786	0	152	 583
787	0	152	 583
788	0	152	 583
789	0	152	 583
790	0	84	 651
791	0	86	 649
792	0	489	 246
793	0	489	 246
794	0	489	 246
795	0	489	 246
796	0	489	 246
797	0	346	 389
798	0	355	 380
799	0	355	 380
800	0	355	 380
801	0	498	 237
802	0	498	 237
803	0	498	 237
804	0	583	 152
805	0	583	 152
806	0	583	 152
807	192	136	 407
808	95	539	 101
809	2	635	 98
810	79	633	 23
811	4	635	 96
812	81	551	 103
813	0	9	 726
814	0	9	 726
815	0	9	 726
816	0	9	 726
817	0	9	 726
818	0	9	 726
819	0	9	 726
820	0	9	 726
821	0	9	 726
822	0	9	 726
823	0	9	 726
824	0	9	 726
825	0	9	 726
826	0	9	 726
827	0	9	 726
828	0	9	 726
829	0	9	 726
830	0	9	 726
831	0	9	 726
832	0	9	 726
833	0	9	 726
834	0	9	 726
835	0	9	 726
836	0	9	 726
837	0	9	 726
838	0	10	 725
839	0	10	 725
840	0	10	 725
841	449	50	 236
842	3	633	 99
843	4	634	 97
844	4	634	 97
845	1	635	 99
846	6	633	 96
847	0	634	 101
848	104	287	 344
849	0	152	 583
850	0	152	 583
851	0	152	 583
852	0	152	 583
853	0	152	 583
854	0	152	 583
855	0	152	 583
856	0	152	 583
857	0	152	 583
858	0	152	 583
859	0	152	 583
860	4	633	 98
861	517	119	 99
862	4	633	 98
863	0	489	 246
864	0	489	 246
865	0	489	 246
866	0	489	 246
867	0	416	 319
868	0	489	 246
869	0	489	 246
870	0	498	 237
871	0	579	 156
872	0	152	 583
873	0	152	 583
874	0	583	 152
875	0	498	 237
876	0	498	 237
877	0	498	 237
878	0	498	 237
879	0	498	 237
880	0	498	 237
881	0	583	 152
882	0	580	 155
883	0	21	 714
884	0	143	 592
885	0	133	 602
886	0	143	 592
887	0	143	 592
888	0	570	 165
889	0	574	 161
890	0	633	 102
891	0	634	 101
892	0	287	 448
893	107	539	 89
894	90	547	 98
895	57	287	 391
896	388	249	 98
897	6	630	 99
898	15	287	 433
899	74	635	 26
900	146	500	 89
901	3	633	 99
902	1	635	 99
903	7	633	 95
904	490	145	 100
905	0	355	 380
906	0	498	 237
907	0	498	 237
908	0	498	 237
909	0	498	 237
910	0	437	 298
911	0	582	 153
912	0	583	 152
913	0	583	 152
914	0	583	 152
915	0	498	 237
916	0	499	 236
917	0	499	 236
918	0	440	 295
919	0	499	 236
920	0	356	 379
921	0	355	 380
922	0	355	 380
923	0	355	 380
924	0	355	 380
925	0	355	 380
926	0	355	 380
927	0	346	 389
928	0	355	 380
929	0	355	 380
930	0	355	 380
931	0	355	 380
932	0	355	 380
933	0	499	 236
934	0	499	 236
935	0	499	 236
936	0	584	 151
937	0	498	 237
938	0	498	 237
939	0	498	 237
940	0	498	 237
941	0	498	 237
942	0	355	 380
943	0	9	 726
944	0	9	 726
945	0	9	 726
946	0	9	 726
947	0	9	 726
948	0	9	 726
949	0	9	 726
950	0	9	 726
951	0	355	 380
952	0	355	 380
953	0	355	 380
954	0	355	 380
955	0	355	 380
956	0	355	 380
957	0	496	 239
958	0	355	 380
959	0	9	 726
960	0	9	 726
961	0	9	 726
962	0	355	 380
963	0	583	 152
964	0	583	 152
965	0	583	 152
966	0	582	 153
967	0	346	 389
968	0	355	 380
969	0	355	 380
970	0	355	 380
971	0	355	 380
972	0	355	 380
973	0	9	 726
974	0	9	 726
975	0	9	 726
976	0	9	 726
977	0	9	 726
978	0	9	 726
979	0	355	 380
980	0	355	 380
981	0	355	 380
982	0	355	 380
983	0	440	 295
984	100	293	 342
985	83	539	 113
986	1	633	 101
987	19	287	 429
988	16	633	 86
989	3	633	 99
990	3	633	 99
991	1	633	 101
992	4	633	 98
993	4	287	 444
994	168	551	 16
995	173	561	 1
996	438	202	 95
997	6	633	 96
998	0	498	 237
999	0	498	 237
1000	0	498	 237
1001	0	498	 237
1002	0	498	 237
1003	0	498	 237
1004	0	498	 237
1005	0	498	 237
1006	0	498	 237
1007	0	498	 237
1008	0	498	 237
1009	0	498	 237
1010	0	498	 237
1011	0	498	 237
1012	0	498	 237
1013	0	498	 237
1014	0	498	 237
1015	0	346	 389
1016	0	346	 389
1017	0	346	 389
1018	0	489	 246
1019	0	489	 246
1020	0	489	 246
1021	0	489	 246
1022	0	489	 246
1023	0	143	 592
1024	0	143	 592
1025	0	143	 592
1026	0	152	 583
1027	0	152	 583
1028	0	499	 236
1029	0	499	 236
1030	0	499	 236
1031	0	499	 236
1032	0	515	 220
1033	0	515	 220
1034	0	515	 220
1035	0	515	 220
1036	0	355	 380
1037	0	355	 380
1038	0	355	 380
1039	0	355	 380
1040	0	355	 380
1041	0	9	 726
1042	0	9	 726
1043	0	355	 380
1044	0	356	 379
1045	0	441	 294
1046	0	541	 194
1047	0	599	 136
1048	0	600	 135
1049	0	600	 135
1050	0	600	 135
1051	0	584	 151
1052	0	584	 151
1053	0	499	 236
1054	0	499	 236
1055	0	499	 236
1056	142	491	 102
1057	3	633	 99
1058	84	633	 18
1059	347	287	 101
1060	3	633	 99
1061	0	499	 236
1062	0	499	 236
1063	0	498	 237
1064	0	499	 236
1065	0	499	 236
1066	0	499	 236
1067	0	355	 380
1068	0	355	 380
1069	0	355	 380
1070	0	355	 380
1071	0	355	 380
1072	0	355	 380
1073	344	289	 102
1074	2	633	 100
1075	3	636	 96
1076	16	624	 95
1077	301	287	 147
1078	0	634	 101
1079	0	355	 380
1080	0	440	 295
1081	0	440	 295
1082	0	440	 295
1083	0	440	 295
1084	0	440	 295
1085	345	288	 102
1086	5	632	 98
1087	113	228	 394
1088	164	134	 437
1089	152	202	 381
1090	4	633	 98
1091	51	548	 136
1092	3	635	 97
1093	0	583	 152
1094	61	288	 386
1095	1	633	 101
1096	0	9	 726
1097	0	9	 726
1098	0	9	 726
1099	0	9	 726
1100	0	9	 726
1101	0	9	 726
1102	0	9	 726
1103	0	9	 726
1104	0	9	 726
1105	0	9	 726
1106	64	287	 384
1107	4	633	 98
1108	145	492	 98
1109	62	287	 386
1110	0	498	 237
1111	0	498	 237
1112	0	498	 237
1113	0	497	 238
1114	0	498	 237
1115	0	130	 605
1116	0	489	 246
1117	0	489	 246
1118	0	489	 246
1119	0	489	 246
1120	0	498	 237
1121	0	498	 237
1122	0	498	 237
1123	0	498	 237
1124	0	498	 237
1125	0	498	 237
1126	0	498	 237
1127	0	498	 237
1128	0	498	 237
1129	0	498	 237
1130	0	416	 319
1131	0	498	 237
1132	0	583	 152
1133	0	583	 152
1134	0	583	 152
1135	0	583	 152
1136	0	582	 153
1137	0	583	 152
1138	0	9	 726
1139	0	9	 726
1140	0	9	 726
1141	0	10	 725
1142	0	9	 726
1143	0	583	 152
1144	0	583	 152
1145	0	583	 152
1146	0	152	 583
1147	0	152	 583
1148	0	152	 583
1149	0	152	 583
1150	0	152	 583
1151	0	152	 583
1152	0	152	 583
1153	0	152	 583
1154	0	152	 583
1155	0	152	 583
1156	0	152	 583
1157	0	583	 152
1158	0	498	 237
1159	0	498	 237
1160	0	486	 249
1161	0	489	 246
1162	0	399	 336
1163	0	498	 237
1164	0	498	 237
1165	0	498	 237
1166	0	355	 380
1167	0	346	 389
1168	0	346	 389
1169	203	136	 396
1170	42	594	 99
1171	0	355	 380
1172	0	355	 380
1173	0	346	 389
1174	0	414	 321
1175	0	498	 237
1176	0	498	 237
1177	0	498	 237
1178	0	498	 237
1179	0	498	 237
1180	276	290	 169
1181	2	633	 100
1182	0	287	 448
1183	1	633	 101
1184	3	633	 99
1185	89	550	 96
1186	0	634	 101
1187	15	629	 91
1188	58	287	 390
1189	5	633	 97
1190	4	633	 98
1191	4	633	 98
1192	4	633	 98
1193	5	633	 97
1194	153	482	 100
1195	280	287	 168
1196	351	287	 97
1197	0	489	 246
1198	0	499	 236
1199	0	499	 236
1200	0	499	 236
1201	0	499	 236
1202	0	499	 236
1203	0	498	 237
1204	0	498	 237
1205	0	498	 237
1206	0	498	 237
1207	0	498	 237
1208	0	498	 237
1209	0	498	 237
1210	0	152	 583
1211	0	152	 583
1212	0	152	 583
1213	0	152	 583
1214	0	9	 726
1215	0	9	 726
1216	0	9	 726
1217	0	9	 726
1218	0	9	 726
1219	0	9	 726
1220	0	9	 726
1221	0	9	 726
1222	0	9	 726
1223	0	9	 726
1224	0	9	 726
1225	0	68	 667
1226	0	498	 237
1227	0	498	 237
1228	0	498	 237
1229	0	583	 152
1230	0	583	 152
1231	0	583	 152
1232	0	583	 152
1233	0	583	 152
1234	0	583	 152
1235	0	583	 152
1236	0	583	 152
1237	0	583	 152
1238	0	152	 583
1239	0	150	 585
1240	0	9	 726
1241	0	9	 726
1242	0	9	 726
1243	0	9	 726
1244	0	9	 726
1245	0	9	 726
1246	0	81	 654
1247	0	584	 151
1248	134	491	 110
1249	8	633	 94
1250	5	632	 98
1251	492	144	 99
1252	9	632	 94
1253	399	241	 95
1254	360	278	 97
1255	5	633	 97
1256	51	585	 99
1257	0	498	 237
1258	0	498	 237
1259	0	143	 592
1260	0	152	 583
1261	0	152	 583
1262	0	143	 592
1263	0	143	 592
1264	0	143	 592
1265	0	143	 592
1266	0	143	 592
1267	0	143	 592
1268	0	143	 592
1269	0	84	 651
1270	0	431	 304
1271	0	499	 236
1272	0	499	 236
1273	0	499	 236
1274	0	498	 237
1275	0	499	 236
1276	0	498	 237
1277	0	498	 237
1278	0	498	 237
1279	0	498	 237
1280	0	498	 237
1281	0	355	 380
1282	0	355	 380
1283	0	355	 380
1284	0	355	 380
1285	0	355	 380
1286	0	355	 380
1287	0	355	 380
1288	0	355	 380
1289	0	355	 380
1290	0	355	 380
1291	0	346	 389
1292	0	346	 389
1293	0	346	 389
1294	0	346	 389
1295	0	346	 389
1296	0	498	 237
1297	0	498	 237
1298	0	498	 237
1299	0	498	 237
1300	0	498	 237
1301	0	498	 237
1302	0	9	 726
1303	0	9	 726
1304	0	498	 237
1305	0	498	 237
1306	0	583	 152
1307	0	583	 152
1308	0	583	 152
1309	0	583	 152
1310	0	583	 152
1311	0	583	 152
1312	0	583	 152
1313	0	583	 152
1314	0	143	 592
1315	0	143	 592
1316	0	143	 592
1317	0	84	 651
1318	0	584	 151
1319	0	584	 151
1320	0	584	 151
1321	0	584	 151
1322	0	584	 151
1323	0	153	 582
1324	0	152	 583
1325	0	152	 583
1326	0	152	 583
1327	0	152	 583
1328	0	152	 583
1329	0	68	 667
1330	0	583	 152
1331	0	583	 152
1332	0	498	 237
1333	0	498	 237
1334	0	498	 237
1335	17	279	 439
1336	349	287	 99
1337	10	633	 92
1338	609	66	 60
1339	144	491	 100
1340	0	499	 236
1341	0	153	 582
1342	0	9	 726
1343	0	9	 726
1344	0	9	 726
1345	0	9	 726
1346	0	9	 726
1347	0	9	 726
1348	0	9	 726
1349	0	9	 726
1350	0	9	 726
1351	0	152	 583
1352	0	152	 583
1353	0	152	 583
1354	0	152	 583
1355	0	499	 236
1356	0	499	 236
1357	0	499	 236
1358	0	94	 641
1359	0	94	 641
1360	0	499	 236
1361	0	499	 236
1362	0	499	 236
1363	0	498	 237
1364	0	499	 236
1365	0	499	 236
1366	0	355	 380
1367	0	355	 380
1368	0	355	 380
1369	0	498	 237
1370	0	498	 237
1371	0	498	 237
1372	0	498	 237
1373	0	498	 237
1374	0	498	 237
1375	0	9	 726
1376	0	9	 726
1377	0	9	 726
1378	0	10	 725
1379	0	9	 726
1380	2	297	 436
1381	6	633	 96
1382	179	121	 435
1383	2	548	 185
1384	5	291	 439
1385	179	465	 91
1386	348	287	 100
1387	445	189	 101
1388	4	636	 95
1389	17	548	 170
1390	12	633	 90
1391	0	583	 152
1392	0	583	 152
1393	0	498	 237
1394	0	498	 237
1395	0	498	 237
1396	0	498	 237
1397	0	498	 237
1398	0	498	 237
1399	0	498	 237
1400	0	498	 237
1401	0	498	 237
1402	0	498	 237
1403	0	498	 237
1404	0	583	 152
1405	0	583	 152
1406	0	583	 152
1407	0	583	 152
1408	0	600	 135
1409	0	515	 220
1410	0	160	 575
1411	0	160	 575
1412	0	160	 575
1413	0	159	 576
1414	0	159	 576
1415	0	159	 576
1416	0	159	 576
1417	0	143	 592
1418	0	489	 246
1419	0	489	 246
1420	0	498	 237
1421	0	498	 237
1422	0	498	 237
1423	0	498	 237
1424	0	583	 152
1425	0	583	 152
1426	0	582	 153
1427	4	633	 98
1428	41	548	 146
1429	6	633	 96
1430	119	59	 557
1431	0	498	 237
1432	0	498	 237
1433	0	498	 237
1434	0	498	 237
1435	0	498	 237
1436	0	498	 237
1437	0	498	 237
1438	0	152	 583
1439	0	152	 583
1440	0	152	 583
1441	0	9	 726
1442	0	9	 726
1443	0	9	 726
1444	0	169	 566
1445	0	169	 566
1446	0	167	 568
1447	0	169	 566
1448	0	9	 726
1449	0	11	 724
1450	0	514	 221
1451	0	514	 221
1452	0	514	 221
1453	0	514	 221
1454	0	514	 221
1455	0	514	 221
1456	0	514	 221
1457	0	514	 221
1458	0	514	 221
1459	0	10	 725
1460	0	9	 726
1461	0	9	 726
1462	0	9	 726
1463	0	9	 726
1464	0	9	 726
1465	0	9	 726
1466	0	9	 726
1467	0	152	 583
1468	0	498	 237
1469	0	498	 237
1470	0	498	 237
1471	0	355	 380
1472	13	635	 87
1473	2	633	 100
1474	0	633	 102
1475	350	287	 98
1476	2	633	 100
1477	62	574	 99
1478	5	633	 97
1479	439	194	 102
1480	5	287	 443
1481	145	490	 100
1482	0	9	 726
1483	0	9	 726
1484	0	9	 726
1485	0	9	 726
1486	0	9	 726
1487	0	9	 726
1488	0	9	 726
1489	0	9	 726
1490	0	9	 726
1491	0	9	 726
1492	0	9	 726
1493	0	9	 726
1494	0	9	 726
1495	0	9	 726
1496	0	9	 726
1497	0	9	 726
1498	9	633	 93
1499	3	633	 99
1500	0	633	 102
1501	2	633	 100
1502	1	633	 101
1503	0	498	 237
1504	0	498	 237
1505	0	486	 249
1506	0	498	 237
1507	0	498	 237
1508	0	498	 237
1509	0	498	 237
1510	0	498	 237
1511	0	498	 237
1512	0	498	 237
1513	0	498	 237
1514	0	498	 237
1515	0	498	 237
1516	0	498	 237
1517	0	498	 237
1518	0	498	 237
1519	0	498	 237
1520	0	498	 237
1521	0	498	 237
1522	0	495	 240
1523	0	489	 246
1524	0	346	 389
1525	0	346	 389
1526	0	346	 389
1527	0	498	 237
1528	0	498	 237
1529	0	498	 237
1530	0	498	 237
1531	0	498	 237
1532	0	498	 237
1533	0	498	 237
1534	0	498	 237
1535	0	498	 237
1536	0	9	 726
1537	0	9	 726
1538	0	9	 726
1539	0	9	 726
1540	0	9	 726
1541	0	9	 726
1542	0	9	 726
1543	0	9	 726
1544	0	9	 726
1545	0	9	 726
1546	0	9	 726
1547	0	9	 726
1548	0	9	 726
1549	0	9	 726
1550	0	9	 726
1551	0	9	 726
1552	0	9	 726
1553	0	9	 726
1554	0	9	 726
1555	0	9	 726
1556	0	9	 726
1557	0	9	 726
1558	0	9	 726
1559	0	9	 726
1560	0	9	 726
1561	0	9	 726
1562	0	9	 726
1563	0	498	 237
1564	0	497	 238
1565	140	147	 448
1566	2	633	 100
1567	88	549	 98
1568	0	152	 583
1569	0	143	 592
1570	0	59	 676
1571	101	533	 101
1572	0	633	 102
1573	20	624	 91
1574	148	490	 97
1575	8	633	 94
1576	1	633	 101
1577	13	632	 90
1578	6	633	 96
1579	305	285	 145
1580	96	278	 361
1581	303	317	 115
1582	0	346	 389
1583	0	346	 389
1584	0	346	 389
1585	0	346	 389
1586	0	346	 389
1587	0	346	 389
1588	0	355	 380
1589	0	355	 380
1590	0	355	 380
1591	0	355	 380
1592	0	355	 380
1593	0	346	 389
1594	0	346	 389
1595	0	346	 389
1596	0	346	 389
1597	0	346	 389
1598	0	346	 389
1599	0	346	 389
1600	0	441	 294
1601	0	500	 235
1602	0	582	 153
1603	0	583	 152
1604	0	583	 152
1605	0	583	 152
1606	0	583	 152
1607	89	549	 97
1608	2	633	 100
1609	99	49	 587
1610	0	287	 448
1611	90	548	 97
1612	0	574	 161
1613	0	574	 161
1614	0	574	 161
1615	0	574	 161
1616	0	574	 161
1617	0	489	 246
1618	0	498	 237
1619	0	498	 237
1620	0	498	 237
1621	0	498	 237
1622	0	498	 237
1623	0	489	 246
1624	0	489	 246
1625	0	489	 246
1626	0	489	 246
1627	0	489	 246
1628	0	498	 237
1629	0	498	 237
1630	0	498	 237
1631	0	93	 642
1632	0	152	 583
1633	0	94	 641
1634	0	498	 237
1635	0	583	 152
1636	0	583	 152
1637	340	202	 193
1638	139	495	 101
1639	0	633	 102
1640	97	541	 97
1641	0	633	 102
1642	148	490	 97
1643	13	624	 98
1644	3	633	 99
1645	0	287	 448
1646	58	574	 103
1647	3	638	 94
1648	433	291	 11
1649	0	124	 611
1650	0	153	 582
1651	0	153	 582
1652	0	9	 726
1653	0	10	 725
1654	0	153	 582
1655	0	152	 583
1656	0	152	 583
1657	0	152	 583
1658	0	152	 583
1659	0	10	 725
1660	347	289	 99
1661	424	205	 106
1662	356	278	 101
1663	0	9	 726
1664	0	9	 726
1665	0	9	 726
1666	0	9	 726
1667	0	9	 726
1668	0	9	 726
1669	19	624	 92
1670	352	289	 94
1671	7	633	 95
1672	0	499	 236
1673	0	152	 583
1674	0	152	 583
1675	0	93	 642
1676	0	151	 584
1677	0	84	 651
1678	0	430	 305
1679	0	498	 237
1680	0	498	 237
1681	0	498	 237
1682	0	498	 237
1683	0	497	 238
1684	0	583	 152
1685	0	583	 152
1686	0	583	 152
1687	0	583	 152
1688	0	583	 152
1689	0	498	 237
1690	0	498	 237
1691	0	498	 237
1692	0	574	 161
1693	0	574	 161
1694	0	574	 161
1695	0	574	 161
1696	0	574	 161
1697	0	489	 246
1698	0	489	 246
1699	0	489	 246
1700	0	489	 246
1701	0	489	 246
1702	0	489	 246
1703	0	1	 734
1704	0	159	 576
1705	0	159	 576
1706	0	143	 592
1707	0	143	 592
1708	0	143	 592
1709	0	489	 246
1710	0	489	 246
1711	0	143	 592
1712	0	143	 592
1713	0	143	 592
1714	0	143	 592
1715	0	152	 583
1716	0	152	 583
1717	0	12	 723
1718	0	488	 247
1719	0	489	 246
1720	0	489	 246
1721	0	489	 246
1722	0	489	 246
1723	0	489	 246
1724	0	489	 246
1725	0	489	 246
1726	0	499	 236
1727	0	499	 236
1728	0	499	 236
1729	0	94	 641
1730	0	153	 582
1731	0	152	 583
1732	0	143	 592
1733	0	143	 592
1734	0	143	 592
1735	0	489	 246
1736	0	498	 237
1737	0	514	 221
1738	0	514	 221
1739	0	514	 221
1740	0	514	 221
1741	0	152	 583
1742	0	152	 583
1743	0	152	 583
1744	0	152	 583
1745	0	140	 595
1746	0	143	 592
1747	0	143	 592
1748	0	143	 592
1749	0	143	 592
1750	0	59	 676
1751	0	143	 592
1752	0	143	 592
1753	0	143	 592
1754	0	143	 592
1755	0	143	 592
1756	0	143	 592
1757	0	143	 592
1758	0	143	 592
1759	0	143	 592
1760	0	143	 592
1761	0	141	 594
1762	0	143	 592
1763	0	143	 592
1764	0	143	 592
1765	0	84	 651
1766	0	143	 592
1767	0	143	 592
1768	0	143	 592
1769	0	143	 592
1770	0	143	 592
1771	0	143	 592
1772	0	143	 592
1773	0	143	 592
1774	0	143	 592
1775	0	143	 592
1776	0	145	 590
1777	0	491	 244
1778	0	491	 244
1779	0	489	 246
1780	0	489	 246
1781	0	143	 592
1782	0	152	 583
1783	0	152	 583
1784	0	152	 583
1785	0	152	 583
1786	0	152	 583
1787	0	152	 583
1788	0	152	 583
1789	0	150	 585
1790	0	152	 583
1791	0	152	 583
1792	0	152	 583
1793	0	152	 583
1794	0	152	 583
1795	0	152	 583
1796	0	152	 583
1797	0	152	 583
1798	0	63	 672
1799	0	142	 593
1800	0	141	 594
1801	0	141	 594
1802	0	139	 596
1803	0	140	 595
1804	0	140	 595
1805	0	140	 595
1806	0	140	 595
1807	0	140	 595
1808	0	140	 595
1809	0	140	 595
1810	0	60	 675
1811	0	140	 595
1812	0	140	 595
1813	0	140	 595
1814	0	140	 595
1815	0	142	 593
1816	0	143	 592
1817	0	143	 592
1818	0	143	 592
1819	0	143	 592
1820	0	141	 594
1821	0	137	 598
1822	0	140	 595
1823	0	486	 249
1824	0	486	 249
1825	467	168	 100
1826	138	163	 434
1827	1	633	 101
1828	0	486	 249
1829	0	59	 676
1830	0	495	 240
1831	0	495	 240
1832	0	495	 240
1833	0	495	 240
1834	0	495	 240
1835	0	495	 240
1836	0	149	 586
1837	0	149	 586
1838	0	149	 586
1839	0	149	 586
1840	0	149	 586
1841	0	92	 643
1842	0	496	 239
1843	0	512	 223
1844	0	512	 223
1845	0	512	 223
1846	0	1	 734
1847	0	140	 595
1848	0	140	 595
1849	0	140	 595
1850	0	140	 595
1851	0	140	 595
1852	0	140	 595
1853	0	140	 595
1854	0	140	 595
1855	0	140	 595
1856	0	486	 249
1857	0	486	 249
1858	0	486	 249
1859	0	486	 249
1860	0	495	 240
1861	0	495	 240
1862	0	495	 240
1863	0	495	 240
1864	0	495	 240
1865	0	495	 240
1866	0	495	 240
1867	0	495	 240
1868	0	495	 240
1869	0	486	 249
1870	0	486	 249
1871	0	486	 249
1872	0	486	 249
1873	0	486	 249
1874	0	486	 249
1875	0	486	 249
1876	0	486	 249
1877	0	486	 249
1878	0	486	 249
1879	0	486	 249
1880	0	486	 249
1881	8	633	 94
1882	67	287	 381
1883	80	633	 22
1884	93	633	 9
1885	81	634	 20
1886	289	287	 159
1887	0	633	 102
1888	370	278	 87
1889	0	634	 101
1890	64	574	 97
1891	4	633	 98
1892	2	633	 100
1893	60	574	 101
1894	90	203	 442
1895	9	627	 99
1896	5	633	 97
1897	138	497	 100
1898	0	140	 595
1899	0	140	 595
1900	0	140	 595
1901	0	140	 595
1902	0	140	 595
1903	0	140	 595
1904	0	140	 595
1905	0	140	 595
1906	0	140	 595
1907	0	140	 595
1908	0	140	 595
1909	0	140	 595
1910	0	140	 595
1911	0	90	 645
1912	2	633	 100
1913	67	574	 94
1914	57	539	 139
1915	136	151	 448
1916	0	581	 154
1917	0	496	 239
1918	0	346	 389
1919	0	346	 389
1920	0	346	 389
1921	0	346	 389
1922	0	495	 240
1923	0	495	 240
1924	0	495	 240
1925	0	495	 240
1926	0	59	 676
1927	0	495	 240
1928	0	495	 240
1929	20	279	 436
1930	76	214	 445
1931	3	633	 99
1932	53	587	 95
1933	343	287	 105
1934	64	570	 101
1935	84	552	 99
1936	69	287	 379
1937	4	633	 98
1938	3	633	 99
1939	8	633	 94
1940	3	633	 99
1941	109	526	 100
1942	0	149	 586
1943	0	9	 726
1944	0	9	 726
1945	0	9	 726
1946	0	9	 726
1947	0	9	 726
1948	0	9	 726
1949	0	9	 726
1950	0	9	 726
1951	0	149	 586
1952	0	149	 586
1953	0	149	 586
1954	0	149	 586
1955	0	149	 586
1956	0	149	 586
1957	0	149	 586
1958	0	149	 586
1959	0	149	 586
1960	0	123	 612
1961	0	149	 586
1962	0	140	 595
1963	0	140	 595
1964	0	140	 595
1965	0	140	 595
1966	0	140	 595
1967	0	59	 676
1968	0	140	 595
1969	0	140	 595
1970	0	140	 595
1971	0	140	 595
1972	0	140	 595
1973	0	140	 595
1974	0	140	 595
1975	0	140	 595
1976	0	140	 595
1977	0	140	 595
1978	0	141	 594
1979	0	141	 594
1980	0	140	 595
1981	0	140	 595
1982	0	140	 595
1983	0	140	 595
1984	0	140	 595
1985	0	149	 586
1986	0	149	 586
1987	0	149	 586
1988	0	147	 588
1989	0	5	 730
1990	0	149	 586
1991	0	149	 586
1992	0	149	 586
1993	0	149	 586
1994	0	149	 586
1995	0	140	 595
1996	0	140	 595
1997	0	140	 595
1998	0	140	 595
1999	0	140	 595
2000	0	76	 659
2001	0	149	 586
2002	0	149	 586
2003	0	149	 586
2004	0	149	 586
2005	0	149	 586
2006	0	140	 595
2007	0	140	 595
2008	0	149	 586
2009	0	149	 586
2010	0	149	 586
2011	0	90	 645
2012	0	149	 586
2013	0	149	 586
2014	0	149	 586
2015	0	149	 586
2016	0	149	 586
2017	0	9	 726
2018	0	9	 726
2019	0	9	 726
2020	0	150	 585
2021	0	150	 585
2022	0	150	 585
2023	0	150	 585
2024	0	150	 585
2025	0	82	 653
2026	0	150	 585
2027	0	150	 585
2028	0	150	 585
2029	0	150	 585
2030	0	150	 585
2031	0	150	 585
2032	0	150	 585
2033	0	150	 585
2034	0	150	 585
2035	0	149	 586
2036	0	149	 586
2037	0	149	 586
2038	0	149	 586
2039	0	149	 586
2040	0	149	 586
2041	0	149	 586
2042	0	9	 726
2043	0	149	 586
2044	0	149	 586
2045	0	149	 586
2046	0	9	 726
2047	0	9	 726
2048	0	9	 726
2049	0	149	 586
2050	0	149	 586
2051	0	149	 586
2052	0	149	 586
2053	0	149	 586
2054	0	149	 586
2055	0	149	 586
2056	0	149	 586
2057	0	149	 586
2058	0	149	 586
2059	0	149	 586
2060	0	140	 595
2061	0	140	 595
2062	0	149	 586
2063	0	149	 586
2064	0	149	 586
2065	0	149	 586
2066	0	149	 586
2067	0	149	 586
2068	0	149	 586
2069	0	149	 586
2070	0	150	 585
2071	0	150	 585
2072	0	141	 594
2073	0	141	 594
2074	0	141	 594
2075	0	141	 594
2076	0	141	 594
2077	0	141	 594
2078	0	82	 653
2079	0	287	 448
2080	10	633	 92
2081	83	632	 20
2082	0	1	 734
2083	0	149	 586
2084	0	149	 586
2085	0	149	 586
2086	0	149	 586
2087	0	9	 726
2088	0	92	 643
2089	0	149	 586
2090	0	149	 586
2091	0	149	 586
2092	0	149	 586
2093	0	149	 586
2094	0	136	 599
2095	0	149	 586
2096	0	149	 586
2097	0	149	 586
2098	0	150	 585
2099	0	151	 584
2100	0	151	 584
2101	0	151	 584
2102	0	9	 726
2103	0	9	 726
2104	0	9	 726
2105	0	9	 726
2106	0	9	 726
2107	0	16	 719
2108	0	153	 582
2109	0	153	 582
2110	0	153	 582
2111	0	153	 582
2112	0	153	 582
2113	0	152	 583
2114	0	152	 583
2115	0	152	 583
2116	0	152	 583
2117	0	152	 583
2118	0	152	 583
2119	0	131	 604
2120	4	633	 98
2121	3	633	 99
2122	3	633	 99
2123	149	486	 100
2124	4	633	 98
2125	6	633	 96
2126	11	633	 91
2127	20	620	 95
2128	0	288	 447
2129	0	633	 102
2130	1	636	 98
2131	143	144	 448
2132	4	633	 98
2133	3	633	 99
2134	145	496	 94
2135	11	633	 91
2136	22	622	 91
2137	2	634	 99
2138	2	635	 98
2139	5	633	 97
2140	3	633	 99
2141	0	153	 582
2142	0	9	 726
2143	0	9	 726
2144	0	9	 726
2145	0	9	 726
2146	0	9	 726
2147	0	9	 726
2148	0	9	 726
2149	0	9	 726
2150	0	9	 726
2151	0	9	 726
2152	0	9	 726
2153	0	9	 726
2154	0	9	 726
2155	0	9	 726
2156	0	9	 726
2157	0	9	 726
2158	0	9	 726
2159	0	153	 582
2160	0	153	 582
2161	0	153	 582
2162	0	153	 582
2163	0	153	 582
2164	0	153	 582
2165	0	153	 582
2166	0	153	 582
2167	0	153	 582
2168	0	153	 582
2169	0	153	 582
2170	0	1	 734
2171	192	524	 19
2172	5	633	 97
2173	7	633	 95
2174	9	633	 93
2175	420	219	 96
2176	4	633	 98
2177	489	143	 103
2178	336	291	 108
2179	26	634	 75
2180	4	637	 94
2181	61	580	 94
2182	0	490	 245
2183	0	490	 245
2184	0	490	 245
2185	0	490	 245
2186	0	575	 160
2187	0	575	 160
2188	0	575	 160
2189	0	60	 675
2190	0	153	 582
2191	0	153	 582
2192	0	153	 582
2193	0	153	 582
2194	0	153	 582
2195	0	137	 598
2196	0	153	 582
2197	0	153	 582
2198	0	153	 582
2199	0	153	 582
2200	0	153	 582
2201	0	153	 582
2202	0	153	 582
2203	0	153	 582
2204	0	153	 582
2205	0	153	 582
2206	0	153	 582
2207	0	153	 582
2208	0	153	 582
2209	0	153	 582
2210	0	153	 582
2211	0	153	 582
2212	0	153	 582
2213	0	153	 582
2214	0	153	 582
2215	0	153	 582
2216	0	153	 582
2217	0	153	 582
2218	0	153	 582
2219	0	153	 582
2220	0	153	 582
2221	0	9	 726
2222	0	9	 726
2223	0	9	 726
2224	0	9	 726
2225	0	9	 726
2226	0	9	 726
2227	0	9	 726
2228	0	9	 726
2229	0	9	 726
2230	0	9	 726
2231	0	9	 726
2232	0	9	 726
2233	0	9	 726
2234	0	153	 582
2235	0	153	 582
2236	0	153	 582
2237	0	153	 582
2238	0	151	 584
2239	0	153	 582
2240	0	153	 582
2241	0	153	 582
2242	0	153	 582
2243	0	153	 582
2244	0	153	 582
2245	0	153	 582
2246	0	153	 582
2247	0	153	 582
2248	0	153	 582
2249	0	153	 582
2250	0	153	 582
2251	0	153	 582
2252	0	153	 582
2253	0	68	 667
2254	0	153	 582
2255	0	153	 582
2256	0	153	 582
2257	0	153	 582
2258	0	585	 150
2259	0	500	 235
2260	0	500	 235
2261	0	2	 733
2262	0	500	 235
2263	0	500	 235
2264	0	153	 582
2265	0	153	 582
2266	0	153	 582
2267	0	9	 726
2268	0	9	 726
2269	0	9	 726
2270	0	9	 726
2271	0	9	 726
2272	0	9	 726
2273	0	9	 726
2274	0	9	 726
2275	0	9	 726
2276	0	9	 726
2277	0	9	 726
2278	0	9	 726
2279	0	9	 726
2280	0	9	 726
2281	0	9	 726
2282	0	9	 726
2283	0	9	 726
2284	0	9	 726
2285	0	9	 726
2286	0	9	 726
2287	0	9	 726
2288	0	9	 726
2289	0	9	 726
2290	0	25	 710
2291	0	499	 236
2292	0	499	 236
2293	0	499	 236
2294	0	499	 236
2295	0	499	 236
2296	0	499	 236
2297	0	499	 236
2298	0	499	 236
2299	0	499	 236
2300	0	584	 151
2301	0	153	 582
2302	0	153	 582
2303	0	153	 582
2304	0	153	 582
2305	0	584	 151
2306	0	584	 151
2307	0	440	 295
2308	0	515	 220
2309	0	515	 220
2310	0	515	 220
2311	0	515	 220
2312	0	515	 220
2313	0	515	 220
2314	0	513	 222
2315	0	515	 220
2316	0	515	 220
2317	0	499	 236
2318	0	499	 236
2319	0	499	 236
2320	0	346	 389
2321	0	346	 389
2322	0	346	 389
2323	0	346	 389
2324	445	190	 100
2325	80	634	 21
2326	142	499	 94
2327	434	287	 14
2328	5	633	 97
2329	6	633	 96
2330	1	633	 101
2331	56	585	 94
2332	0	287	 448
2333	4	633	 98
2334	63	202	 470
2335	5	548	 182
2336	0	584	 151
2337	0	584	 151
2338	0	583	 152
2339	0	584	 151
2340	0	584	 151
2341	0	584	 151
2342	287	287	 161
2343	7	633	 95
2344	2	635	 98
2345	9	202	 524
2346	148	487	 100
2347	408	202	 125
2348	5	633	 97
2349	6	635	 94
2350	344	288	 103
2351	8	633	 94
2352	4	633	 98
2353	0	633	 102
2354	2	635	 98
2355	9	624	 102
2356	90	219	 426
2357	4	633	 98
2358	35	603	 97
2359	70	287	 378
2360	0	9	 726
2361	0	8	 727
2362	1	633	 101
2363	1	633	 101
2364	0	106	 629
2365	0	153	 582
2366	0	153	 582
2367	0	153	 582
2368	0	153	 582
2369	0	153	 582
2370	0	153	 582
2371	0	153	 582
2372	0	153	 582
2373	0	94	 641
2374	127	134	 474
2375	430	204	 101
2376	0	499	 236
2377	0	499	 236
2378	0	499	 236
2379	0	499	 236
2380	0	499	 236
2381	0	499	 236
2382	0	499	 236
2383	0	499	 236
2384	0	346	 389
2385	0	346	 389
2386	0	490	 245
2387	0	490	 245
2388	0	490	 245
2389	0	490	 245
2390	0	490	 245
2391	0	490	 245
2392	0	490	 245
2393	0	490	 245
2394	0	490	 245
2395	288	287	 160
2396	361	287	 87
2397	0	499	 236
2398	0	499	 236
2399	0	499	 236
2400	0	499	 236
2401	0	499	 236
2402	0	499	 236
2403	0	499	 236
2404	0	499	 236
2405	0	499	 236
2406	0	499	 236
2407	0	499	 236
2408	0	499	 236
2409	0	499	 236
2410	0	499	 236
2411	0	499	 236
2412	0	499	 236
2413	0	499	 236
2414	0	499	 236
2415	0	499	 236
2416	0	499	 236
2417	0	499	 236
2418	0	499	 236
2419	0	499	 236
2420	0	499	 236
2421	0	499	 236
2422	0	499	 236
2423	0	499	 236
2424	0	499	 236
2425	0	499	 236
2426	0	499	 236
2427	0	60	 675
2428	0	490	 245
2429	0	499	 236
2430	0	499	 236
2431	0	499	 236
2432	0	499	 236
2433	0	499	 236
2434	0	499	 236
2435	0	499	 236
2436	0	83	 652
2437	0	144	 591
2438	0	153	 582
2439	0	153	 582
2440	0	153	 582
2441	0	153	 582
2442	0	153	 582
2443	0	153	 582
2444	0	153	 582
2445	0	153	 582
2446	0	153	 582
2447	0	153	 582
2448	0	153	 582
2449	0	501	 234
2450	0	501	 234
2451	0	155	 580
2452	0	499	 236
2453	0	499	 236
2454	0	9	 726
2455	0	9	 726
2456	0	9	 726
2457	0	9	 726
2458	0	499	 236
2459	0	499	 236
2460	0	498	 237
2461	0	499	 236
2462	0	499	 236
2463	0	355	 380
2464	0	9	 726
2465	0	9	 726
2466	0	9	 726
2467	0	9	 726
2468	0	9	 726
2469	0	9	 726
2470	0	355	 380
2471	0	584	 151
2472	0	584	 151
2473	0	584	 151
2474	0	584	 151
2475	0	153	 582
2476	0	153	 582
2477	0	144	 591
2478	0	143	 592
2479	0	144	 591
2480	0	144	 591
2481	0	153	 582
2482	0	153	 582
2483	0	153	 582
2484	0	153	 582
2485	0	153	 582
2486	0	153	 582
2487	0	152	 583
2488	0	151	 584
2489	0	151	 584
2490	0	151	 584
2491	0	151	 584
2492	0	151	 584
2493	0	151	 584
2494	0	151	 584
2495	0	152	 583
2496	0	152	 583
2497	0	583	 152
2498	0	574	 161
2499	5	633	 97
2500	339	202	 194
2501	347	287	 101
2502	0	633	 102
2503	490	146	 99
2504	5	633	 97
2505	585	136	 14
2506	9	624	 102
2507	353	286	 96
2508	0	633	 102
2509	0	633	 102
2510	84	633	 18
2511	8	633	 94
2512	1	633	 101
2513	6	633	 96
2514	0	496	 239
2515	0	497	 238
2516	0	92	 643
2517	0	151	 584
2518	0	151	 584
2519	0	151	 584
2520	0	151	 584
2521	0	151	 584
2522	0	151	 584
2523	0	151	 584
2524	0	151	 584
2525	0	151	 584
2526	0	151	 584
2527	0	497	 238
2528	0	495	 240
2529	0	497	 238
2530	0	497	 238
2531	0	497	 238
2532	0	497	 238
2533	0	356	 379
2534	0	497	 238
2535	0	497	 238
2536	0	355	 380
2537	0	355	 380
2538	0	355	 380
2539	0	498	 237
2540	0	498	 237
2541	0	498	 237
2542	0	495	 240
2543	0	498	 237
2544	0	498	 237
2545	0	498	 237
2546	0	498	 237
2547	0	498	 237
2548	0	498	 237
2549	0	151	 584
2550	0	151	 584
2551	0	151	 584
2552	0	151	 584
2553	0	151	 584
2554	0	151	 584
2555	0	151	 584
2556	0	151	 584
2557	0	151	 584
2558	0	151	 584
2559	0	151	 584
2560	0	151	 584
2561	0	9	 726
2562	0	9	 726
2563	0	9	 726
2564	0	9	 726
2565	0	9	 726
2566	0	9	 726
2567	0	9	 726
2568	0	9	 726
2569	0	9	 726
2570	0	9	 726
2571	0	9	 726
2572	0	9	 726
2573	0	9	 726
2574	0	9	 726
2575	0	9	 726
2576	0	9	 726
2577	0	9	 726
2578	0	9	 726
2579	0	9	 726
2580	0	9	 726
2581	0	9	 726
2582	0	9	 726
2583	0	9	 726
2584	0	9	 726
2585	0	9	 726
2586	0	9	 726
2587	0	9	 726
2588	0	9	 726
2589	0	9	 726
2590	0	9	 726
2591	0	9	 726
2592	0	9	 726
2593	0	9	 726
2594	0	9	 726
2595	0	151	 584
2596	0	151	 584
2597	0	151	 584
2598	0	151	 584
2599	0	151	 584
2600	0	83	 652
2601	0	142	 593
2602	0	142	 593
2603	0	142	 593
2604	0	151	 584
2605	0	151	 584
2606	0	147	 588
2607	0	497	 238
2608	0	497	 238
2609	0	497	 238
2610	0	497	 238
2611	0	497	 238
2612	0	497	 238
2613	0	497	 238
2614	0	497	 238
2615	0	582	 153
2616	0	582	 153
2617	0	582	 153
2618	0	582	 153
2619	61	289	 385
2620	7	633	 95
2621	0	636	 99
2622	570	63	 102
2623	7	633	 95
2624	5	633	 97
2625	63	575	 97
2626	0	9	 726
2627	0	9	 726
2628	0	9	 726
2629	0	9	 726
2630	0	9	 726
2631	15	633	 87
2632	120	409	 206
2633	3	635	 97
2634	10	287	 438
2635	59	576	 100
2636	414	207	 114
2637	426	287	 22
2638	5	633	 97
2639	340	287	 108
2640	1	624	 110
2641	0	152	 583
2642	0	152	 583
2643	0	151	 584
2644	0	151	 584
2645	0	151	 584
2646	0	151	 584
2647	0	9	 726
2648	0	9	 726
2649	0	9	 726
2650	0	9	 726
2651	0	9	 726
2652	0	9	 726
2653	0	151	 584
2654	0	151	 584
2655	0	151	 584
2656	0	151	 584
2657	0	151	 584
2658	0	151	 584
2659	0	9	 726
2660	0	9	 726
2661	0	9	 726
2662	0	9	 726
2663	0	9	 726
2664	0	9	 726
2665	0	9	 726
2666	0	9	 726
2667	0	9	 726
2668	0	9	 726
2669	0	151	 584
2670	5	633	 97
2671	3	633	 99
2672	83	632	 20
2673	1	633	 101
2674	6	633	 96
2675	13	624	 98
2676	5	287	 443
2677	3	633	 99
2678	5	633	 97
2679	489	143	 103
2680	0	80	 655
2681	349	288	 98
2682	85	634	 16
2683	14	288	 433
2684	0	497	 238
2685	0	497	 238
2686	0	497	 238
2687	0	497	 238
2688	0	497	 238
2689	0	497	 238
2690	0	497	 238
2691	0	497	 238
2692	0	496	 239
2693	0	497	 238
2694	0	497	 238
2695	0	414	 321
2696	0	66	 669
2697	0	9	 726
2698	0	9	 726
2699	0	9	 726
2700	0	9	 726
2701	0	9	 726
2702	0	9	 726
2703	0	9	 726
2704	0	9	 726
2705	0	9	 726
2706	0	9	 726
2707	0	9	 726
2708	0	9	 726
2709	0	9	 726
2710	0	9	 726
2711	0	9	 726
2712	0	10	 725
2713	0	9	 726
2714	0	9	 726
2715	0	68	 667
2716	0	414	 321
2717	0	497	 238
2718	0	497	 238
2719	0	496	 239
2720	0	497	 238
2721	0	497	 238
2722	0	497	 238
2723	0	2	 733
2724	0	438	 297
2725	0	429	 306
2726	0	429	 306
2727	0	513	 222
2728	66	204	 465
2729	124	518	 93
2730	0	634	 101
2731	584	51	 100
2732	85	649	 1
2733	0	734	 1
2734	0	734	 1
2735	0	734	 1
2736	0	734	 1
2737	0	734	 1
2738	0	734	 1
2739	0	734	 1
2740	0	734	 1
2741	0	734	 1
2742	0	734	 1
2743	0	734	 1
2744	0	734	 1
2745	0	734	 1
2746	0	734	 1
2747	0	734	 1
2748	0	734	 1
2749	0	734	 1
2750	0	734	 1
2751	0	734	 1
2752	0	734	 1
2753	0	734	 1
2754	0	734	 1
2755	0	734	 1
2756	0	734	 1
2757	0	734	 1
2758	0	734	 1
2759	0	734	 1
2760	0	734	 1
2761	0	734	 1
2762	0	734	 1
2763	0	734	 1
2764	0	734	 1
2765	0	734	 1
2766	0	734	 1
2767	0	734	 1
2768	0	734	 1
2769	0	734	 1
2770	0	734	 1
2771	0	734	 1
2772	1	734	 0
2773	0	734	 1
2774	0	734	 1
2775	0	734	 1
2776	0	734	 1
2777	0	734	 1
2778	0	734	 1
2779	0	734	 1
2780	0	734	 1
2781	0	734	 1
2782	0	735	 0
2783	0	734	 1
2784	0	734	 1
2785	0	734	 1
2786	0	734	 1
2787	0	734	 1
2788	0	734	 1
2789	0	734	 1
2790	0	734	 1
2791	0	734	 1
2792	0	734	 1
2793	0	734	 1
2794	0	734	 1
2795	0	734	 1
2796	0	734	 1
2797	0	734	 1
2798	0	734	 1
2799	0	734	 1
2800	0	734	 1
2801	0	734	 1
2802	0	734	 1
2803	0	734	 1
2804	0	734	 1
2805	0	734	 1
2806	0	734	 1
2807	0	734	 1
2808	0	734	 1
2809	0	734	 1
2810	0	734	 1
2811	0	734	 1
2812	0	734	 1
2813	0	734	 1
2814	0	735	 0
2815	0	734	 1
2816	0	734	 1
2817	0	734	 1
2818	0	734	 1
2819	0	734	 1
2820	0	734	 1
2821	0	734	 1
2822	0	734	 1
2823	0	734	 1
2824	0	734	 1
2825	0	734	 1
2826	0	734	 1
2827	0	734	 1
2828	0	734	 1
2829	0	734	 1
2830	0	734	 1
2831	0	734	 1
2832	0	734	 1
2833	0	734	 1
2834	0	734	 1
2835	0	734	 1
2836	0	734	 1
2837	0	734	 1
2838	0	734	 1
2839	0	734	 1
2840	0	734	 1
2841	0	734	 1
2842	0	734	 1
2843	0	734	 1
2844	0	734	 1
2845	0	734	 1
2846	0	734	 1
2847	0	734	 1
2848	0	734	 1
2849	0	734	 1
2850	0	734	 1
2851	0	734	 1
2852	0	734	 1
2853	0	734	 1
2854	0	734	 1
2855	0	734	 1
2856	0	734	 1
2857	0	734	 1
2858	0	734	 1
2859	0	734	 1
2860	0	734	 1
2861	0	734	 1
2862	0	734	 1
2863	1	734	 0
2864	0	734	 1
2865	0	734	 1
2866	0	734	 1
2867	0	734	 1
2868	0	734	 1
2869	0	734	 1
2870	0	734	 1
2871	0	734	 1
2872	0	734	 1
2873	0	734	 1
2874	0	734	 1
2875	0	734	 1
2876	0	734	 1
2877	0	734	 1
2878	0	734	 1
2879	0	734	 1
2880	0	734	 1
2881	0	734	 1
2882	0	734	 1
2883	0	734	 1
2884	0	734	 1
2885	0	734	 1
2886	0	734	 1
2887	0	734	 1
2888	0	734	 1
2889	0	734	 1
2890	0	734	 1
2891	0	734	 1
2892	0	734	 1
2893	0	734	 1
2894	0	734	 1
2895	0	734	 1
2896	0	734	 1
2897	0	734	 1
2898	0	734	 1
2899	0	734	 1
2900	0	734	 1
2901	0	734	 1
2902	0	734	 1
2903	0	734	 1
2904	0	734	 1
2905	0	734	 1
2906	0	734	 1
2907	0	734	 1
2908	0	734	 1
2909	0	734	 1
2910	0	734	 1
2911	0	734	 1
2912	0	734	 1
2913	0	734	 1
2914	0	734	 1
2915	0	734	 1
2916	0	734	 1
2917	0	734	 1
2918	0	734	 1
2919	0	734	 1
2920	0	734	 1
2921	0	734	 1
2922	0	734	 1
2923	0	734	 1
2924	0	734	 1
2925	0	734	 1
2926	0	734	 1
2927	0	734	 1
2928	0	734	 1
2929	0	734	 1
2930	0	734	 1
2931	0	734	 1
2932	0	734	 1
2933	0	734	 1
2934	0	734	 1
2935	0	734	 1
2936	0	734	 1
2937	0	734	 1
2938	0	734	 1
2939	0	734	 1
2940	0	734	 1
2941	0	734	 1
2942	0	734	 1
2943	0	734	 1
2944	0	734	 1
2945	0	734	 1
2946	0	734	 1
2947	0	734	 1
2948	0	734	 1
2949	0	734	 1
2950	0	734	 1
2951	0	734	 1
2952	0	734	 1
2953	0	734	 1
2954	0	734	 1
2955	0	734	 1
2956	0	734	 1
2957	0	734	 1
2958	0	734	 1
2959	0	734	 1
2960	0	734	 1
2961	0	734	 1
2962	0	734	 1
2963	0	734	 1
2964	0	734	 1
2965	0	734	 1
2966	0	734	 1
2967	0	734	 1
2968	0	734	 1
2969	0	734	 1
2970	0	734	 1
2971	0	734	 1
2972	0	734	 1
2973	0	734	 1
2974	0	734	 1
2975	0	734	 1
2976	0	734	 1
2977	0	734	 1
2978	0	734	 1
2979	0	734	 1
2980	0	734	 1
2981	0	734	 1
2982	0	734	 1
2983	0	734	 1
2984	0	734	 1
2985	0	734	 1
2986	0	734	 1
2987	0	734	 1
2988	0	734	 1
2989	0	734	 1
2990	0	734	 1
2991	0	734	 1
2992	0	734	 1
2993	0	734	 1
2994	0	734	 1
2995	0	734	 1
2996	0	734	 1
2997	0	734	 1
2998	0	734	 1
2999	0	734	 1
3000	0	734	 1
3001	0	734	 1
3002	0	734	 1
3003	0	734	 1
3004	0	734	 1
3005	0	734	 1
3006	0	734	 1
3007	0	734	 1
3008	0	734	 1
3009	0	734	 1
3010	0	734	 1
3011	0	734	 1
3012	0	734	 1
3013	0	734	 1
3014	0	734	 1
3015	0	734	 1
3016	0	734	 1
3017	0	734	 1
3018	0	734	 1
3019	0	734	 1
3020	0	734	 1
3021	0	734	 1
3022	0	734	 1
3023	0	734	 1
3024	0	734	 1
3025	0	734	 1
3026	0	734	 1
3027	0	734	 1
3028	0	734	 1
3029	0	734	 1
3030	0	734	 1
3031	0	734	 1
3032	0	734	 1
3033	0	734	 1
3034	0	734	 1
3035	0	734	 1
3036	0	734	 1
3037	0	734	 1
3038	0	734	 1
3039	0	734	 1
3040	0	734	 1
3041	0	734	 1
3042	0	734	 1
3043	0	734	 1
3044	0	734	 1
3045	0	734	 1
3046	0	734	 1
3047	0	734	 1
3048	0	734	 1
3049	0	734	 1
3050	0	734	 1
3051	0	734	 1
3052	0	734	 1
3053	0	734	 1
3054	0	734	 1
3055	0	734	 1
3056	0	734	 1
3057	0	734	 1
3058	0	734	 1
3059	0	734	 1
3060	0	734	 1
3061	0	734	 1
3062	0	734	 1
3063	0	734	 1
3064	0	734	 1
3065	0	734	 1
3066	0	734	 1
3067	0	734	 1
3068	0	734	 1
3069	0	734	 1
3070	0	734	 1
3071	0	734	 1
3072	0	734	 1
3073	0	734	 1
3074	0	734	 1
3075	0	734	 1
3076	0	734	 1
3077	0	734	 1
3078	0	734	 1
3079	0	734	 1
3080	0	734	 1
3081	0	734	 1
3082	0	734	 1
3083	0	734	 1
3084	0	734	 1
3085	0	734	 1
3086	0	734	 1
3087	0	734	 1
3088	0	734	 1
3089	0	734	 1
3090	0	734	 1
3091	0	734	 1
3092	0	734	 1
3093	0	734	 1
3094	0	734	 1
3095	0	734	 1
3096	0	734	 1
3097	0	734	 1
3098	0	734	 1
3099	0	734	 1
3100	0	734	 1
3101	0	734	 1
3102	0	734	 1
3103	0	734	 1
3104	0	734	 1
3105	0	734	 1
3106	0	734	 1
3107	0	734	 1
3108	0	734	 1
3109	0	734	 1
3110	0	734	 1
3111	0	734	 1
3112	0	734	 1
3113	0	734	 1
3114	0	734	 1
3115	0	734	 1
3116	0	734	 1
3117	0	734	 1
3118	0	734	 1
3119	0	734	 1
3120	0	734	 1
3121	0	734	 1
3122	0	734	 1
3123	0	734	 1
3124	0	734	 1
3125	0	734	 1
3126	0	734	 1
3127	0	734	 1
3128	0	734	 1
3129	0	734	 1
3130	0	734	 1
3131	0	734	 1
3132	0	734	 1
3133	0	734	 1
3134	0	734	 1
3135	0	734	 1
3136	0	734	 1
3137	0	734	 1
3138	0	734	 1
3139	0	734	 1
3140	0	734	 1
3141	0	734	 1
3142	0	734	 1
3143	0	734	 1
3144	0	734	 1
3145	0	734	 1
3146	0	734	 1
3147	0	734	 1
3148	0	734	 1
3149	0	734	 1
3150	0	734	 1
3151	0	734	 1
3152	0	734	 1
3153	0	734	 1
3154	0	734	 1
3155	0	734	 1
3156	0	734	 1
3157	0	734	 1
3158	0	734	 1
3159	0	734	 1
3160	0	734	 1
3161	0	734	 1
3162	0	734	 1
3163	0	734	 1
3164	0	734	 1
3165	0	734	 1
3166	0	735	 0
3167	0	734	 1
3168	0	734	 1
3169	0	734	 1
3170	0	734	 1
3171	0	734	 1
3172	0	734	 1
3173	0	734	 1
3174	0	734	 1
3175	0	734	 1
3176	0	734	 1
3177	0	734	 1
3178	0	734	 1
3179	0	734	 1
3180	0	734	 1
3181	0	734	 1
3182	0	734	 1
3183	0	734	 1
3184	0	734	 1
3185	0	734	 1
3186	0	734	 1
3187	0	734	 1
3188	0	734	 1
3189	0	734	 1
3190	0	734	 1
3191	0	734	 1
3192	0	734	 1
3193	0	734	 1
3194	0	734	 1
3195	0	734	 1
3196	0	734	 1
3197	0	734	 1
3198	0	734	 1
3199	0	734	 1
3200	0	734	 1
3201	0	734	 1
3202	0	734	 1
3203	0	734	 1
3204	0	734	 1
3205	0	734	 1
3206	0	734	 1
3207	0	734	 1
3208	0	734	 1
3209	0	734	 1
3210	0	734	 1
3211	0	734	 1
3212	0	734	 1
3213	0	734	 1
3214	0	734	 1
3215	0	734	 1
3216	0	734	 1
3217	0	734	 1
3218	0	734	 1
3219	0	734	 1
3220	0	734	 1
3221	0	734	 1
3222	0	734	 1
3223	0	734	 1
3224	0	734	 1
3225	0	734	 1
3226	0	734	 1
3227	0	734	 1
3228	0	734	 1
3229	0	734	 1
3230	0	734	 1
3231	0	734	 1
3232	0	734	 1
3233	0	734	 1
3234	0	734	 1
3235	0	734	 1
3236	0	734	 1
3237	0	734	 1
3238	0	734	 1
3239	0	734	 1
3240	0	734	 1
3241	0	734	 1
3242	0	734	 1
3243	0	734	 1
3244	0	734	 1
3245	0	734	 1
3246	0	734	 1
3247	0	734	 1
3248	0	734	 1
3249	0	734	 1
3250	0	734	 1
3251	0	734	 1
3252	0	734	 1
3253	0	734	 1
3254	0	734	 1
3255	0	734	 1
3256	0	734	 1
3257	0	734	 1
3258	0	734	 1
3259	0	734	 1
3260	0	734	 1
3261	0	734	 1
3262	0	734	 1
3263	0	734	 1
3264	0	734	 1
3265	0	734	 1
3266	0	734	 1
3267	0	734	 1
3268	0	734	 1
3269	0	734	 1
3270	0	734	 1
3271	0	734	 1
3272	0	734	 1
3273	1	734	 0
3274	0	734	 1
3275	0	734	 1
3276	0	734	 1
3277	0	734	 1
3278	0	734	 1
3279	0	734	 1
3280	0	734	 1
3281	0	734	 1
3282	0	734	 1
3283	0	734	 1
3284	0	734	 1
3285	0	734	 1
3286	0	734	 1
3287	0	734	 1
3288	0	734	 1
3289	0	734	 1
3290	0	734	 1
3291	0	734	 1
3292	0	734	 1
3293	0	734	 1
3294	0	734	 1
3295	0	734	 1
3296	0	734	 1
3297	0	734	 1
3298	0	734	 1
3299	0	734	 1
3300	0	734	 1
3301	0	734	 1
3302	0	734	 1
3303	0	734	 1
3304	0	734	 1
3305	0	734	 1
3306	0	734	 1
3307	0	734	 1
3308	0	734	 1
3309	0	734	 1
3310	0	734	 1
3311	0	734	 1
3312	0	734	 1
3313	0	734	 1
3314	0	734	 1
3315	0	734	 1
3316	0	734	 1
3317	0	734	 1
3318	0	734	 1
3319	0	734	 1
3320	0	734	 1
3321	0	734	 1
3322	0	734	 1
3323	0	734	 1
3324	0	734	 1
3325	0	734	 1
3326	0	734	 1
3327	0	734	 1
3328	0	734	 1
3329	0	734	 1
3330	0	734	 1
3331	0	734	 1
3332	0	734	 1
3333	0	734	 1
3334	0	734	 1
3335	0	734	 1
3336	0	734	 1
3337	0	734	 1
3338	0	734	 1
3339	0	734	 1
3340	0	734	 1
3341	0	734	 1
3342	0	734	 1
3343	0	734	 1
3344	0	734	 1
3345	0	734	 1
3346	0	734	 1
3347	0	734	 1
3348	0	734	 1
3349	0	734	 1
3350	0	734	 1
3351	0	735	 0
3352	0	734	 1
3353	0	734	 1
3354	0	734	 1
3355	0	734	 1
3356	0	734	 1
3357	0	734	 1
3358	0	734	 1
3359	0	734	 1
3360	0	734	 1
3361	0	734	 1
3362	0	734	 1
3363	0	734	 1
3364	0	734	 1
3365	0	734	 1
3366	0	734	 1
3367	0	735	 0
3368	0	734	 1
3369	0	734	 1
3370	0	734	 1
3371	0	734	 1
3372	0	734	 1
3373	0	734	 1
3374	0	734	 1
3375	0	734	 1
3376	0	734	 1
3377	0	734	 1
3378	0	734	 1
3379	0	734	 1
3380	0	734	 1
3381	0	734	 1
3382	0	734	 1
3383	0	734	 1
3384	0	734	 1
3385	0	734	 1
3386	0	734	 1
3387	0	734	 1
3388	0	734	 1
3389	0	734	 1
3390	0	734	 1
3391	0	734	 1
3392	0	734	 1
3393	0	734	 1
3394	0	734	 1
3395	0	734	 1
3396	142	592	 1
3397	2	732	 1
3398	60	674	 1
3399	149	585	 1
3400	0	734	 1
3401	0	734	 1
3402	0	734	 1
3403	0	734	 1
3404	0	734	 1
3405	0	734	 1
3406	0	734	 1
3407	0	734	 1
3408	0	734	 1
3409	0	734	 1
3410	0	734	 1
3411	0	734	 1
3412	0	734	 1
3413	0	734	 1
3414	0	734	 1
3415	0	734	 1
3416	0	734	 1
3417	0	734	 1
3418	0	734	 1
3419	0	734	 1
3420	0	734	 1
3421	0	734	 1
3422	0	734	 1
3423	0	734	 1
3424	0	734	 1
3425	0	734	 1
3426	0	734	 1
3427	0	734	 1
3428	0	734	 1
3429	0	734	 1
3430	0	734	 1
3431	0	734	 1
3432	0	734	 1
3433	0	734	 1
3434	0	734	 1
3435	0	734	 1
3436	0	734	 1
3437	0	734	 1
3438	0	734	 1
3439	0	734	 1
3440	0	734	 1
3441	0	735	 0
3442	0	734	 1
3443	0	734	 1
3444	0	734	 1
3445	0	734	 1
3446	1	734	 0
3447	0	734	 1
3448	0	734	 1
3449	0	734	 1
3450	0	734	 1
3451	0	734	 1
3452	0	734	 1
3453	0	734	 1
3454	0	734	 1
3455	0	734	 1
3456	0	734	 1
3457	0	734	 1
3458	0	734	 1
3459	0	734	 1
3460	0	734	 1
3461	0	734	 1
3462	0	734	 1
3463	0	734	 1
3464	0	734	 1
3465	0	734	 1
3466	0	734	 1
3467	0	734	 1
3468	0	734	 1
3469	0	734	 1
3470	0	734	 1
3471	0	734	 1
3472	0	734	 1
3473	0	734	 1
3474	0	734	 1
3475	0	734	 1
3476	0	734	 1
3477	0	734	 1
3478	0	734	 1
3479	0	734	 1
3480	0	734	 1
3481	0	734	 1
3482	0	734	 1
3483	0	734	 1
3484	0	734	 1
3485	0	734	 1
3486	0	734	 1
3487	0	734	 1
3488	0	734	 1
3489	0	734	 1
3490	0	734	 1
3491	0	734	 1
3492	0	734	 1
3493	0	734	 1
3494	0	734	 1
3495	0	734	 1
3496	0	734	 1
3497	0	734	 1
3498	0	734	 1
3499	0	734	 1
3500	0	734	 1
3501	0	734	 1
3502	0	734	 1
3503	0	734	 1
3504	0	734	 1
3505	0	734	 1
3506	0	734	 1
3507	0	734	 1
3508	0	734	 1
3509	0	734	 1
3510	0	734	 1
3511	0	734	 1
3512	0	734	 1
3513	0	734	 1
3514	0	734	 1
3515	0	734	 1
3516	0	734	 1
3517	0	734	 1
3518	0	734	 1
3519	0	734	 1
3520	0	734	 1
3521	0	734	 1
3522	1	733	 1
3523	0	734	 1
3524	9	725	 1
3525	9	725	 1
3526	0	734	 1
3527	0	734	 1
3528	0	734	 1
3529	0	734	 1
3530	0	734	 1
3531	0	734	 1
3532	0	734	 1
3533	0	734	 1
3534	0	734	 1
3535	0	734	 1
3536	0	734	 1
3537	0	734	 1
3538	0	734	 1
3539	0	734	 1
3540	0	734	 1
3541	0	734	 1
3542	0	734	 1
3543	0	734	 1
3544	0	734	 1
3545	0	734	 1
3546	0	734	 1
3547	0	734	 1
3548	0	734	 1
3549	0	734	 1
3550	0	734	 1
3551	0	734	 1
3552	0	734	 1
3553	0	734	 1
3554	0	734	 1
3555	0	734	 1
3556	0	734	 1
3557	0	734	 1
3558	0	734	 1
3559	0	734	 1
3560	0	734	 1
3561	0	734	 1
3562	0	734	 1
3563	0	734	 1
3564	0	734	 1
3565	0	734	 1
3566	0	734	 1
3567	0	734	 1
3568	0	734	 1
3569	0	734	 1
3570	0	734	 1
3571	0	734	 1
3572	0	734	 1
3573	0	734	 1
3574	0	734	 1
3575	0	734	 1
3576	0	734	 1
3577	0	734	 1
3578	0	734	 1
3579	0	734	 1
3580	0	734	 1
3581	0	734	 1
3582	0	734	 1
3583	0	734	 1
3584	0	734	 1
3585	0	734	 1
3586	0	734	 1
3587	0	734	 1
3588	0	734	 1
3589	0	734	 1
3590	0	734	 1
3591	0	734	 1
3592	0	734	 1
3593	0	734	 1
3594	0	734	 1
3595	0	734	 1
3596	0	734	 1
3597	0	734	 1
3598	0	734	 1
3599	0	734	 1
3600	0	734	 1
3601	0	734	 1
3602	0	734	 1
3603	0	734	 1
3604	0	734	 1
3605	0	734	 1
3606	0	734	 1
3607	0	734	 1
3608	0	734	 1
3609	0	734	 1
3610	0	734	 1
3611	0	734	 1
3612	0	734	 1
3613	0	734	 1
3614	0	734	 1
3615	0	734	 1
3616	0	734	 1
3617	0	734	 1
3618	0	734	 1
3619	0	734	 1
3620	0	734	 1
3621	0	734	 1
3622	0	734	 1
3623	0	734	 1
3624	0	734	 1
3625	0	734	 1
3626	0	734	 1
3627	0	734	 1
3628	0	734	 1
3629	0	734	 1
3630	0	734	 1
3631	0	734	 1
3632	0	734	 1
3633	0	734	 1
3634	0	734	 1
3635	0	734	 1
3636	0	734	 1
3637	0	734	 1
3638	0	734	 1
3639	0	734	 1
3640	0	734	 1
3641	0	734	 1
3642	0	734	 1
3643	0	734	 1
3644	0	734	 1
3645	0	734	 1
3646	0	734	 1
3647	0	734	 1
3648	0	734	 1
3649	0	734	 1
3650	0	734	 1
3651	0	734	 1
3652	0	734	 1
3653	0	734	 1
3654	0	734	 1
3655	0	734	 1
3656	0	734	 1
3657	0	734	 1
3658	0	734	 1
3659	0	734	 1
3660	0	734	 1
3661	0	734	 1
3662	0	734	 1
3663	0	734	 1
3664	0	734	 1
3665	0	734	 1
3666	0	734	 1
3667	0	734	 1
3668	0	734	 1
3669	0	734	 1
3670	0	734	 1
3671	0	734	 1
3672	0	734	 1
3673	0	734	 1
3674	0	734	 1
3675	0	734	 1
3676	0	734	 1
3677	0	734	 1
3678	0	734	 1
3679	0	734	 1
3680	0	734	 1
3681	0	734	 1
3682	0	734	 1
3683	0	734	 1
3684	0	734	 1
3685	0	734	 1
3686	0	734	 1
3687	0	734	 1
3688	0	734	 1
3689	0	734	 1
3690	0	734	 1
3691	0	734	 1
3692	0	734	 1
3693	0	734	 1
3694	0	734	 1
3695	0	734	 1
3696	0	734	 1
3697	0	734	 1
3698	0	734	 1
3699	0	735	 0
3700	0	734	 1
3701	0	734	 1
3702	0	734	 1
3703	0	734	 1
3704	0	734	 1
3705	0	734	 1
3706	0	734	 1
3707	0	734	 1
3708	0	734	 1
3709	0	734	 1
3710	0	734	 1
3711	0	734	 1
3712	0	734	 1
3713	0	734	 1
3714	0	734	 1
3715	0	734	 1
3716	0	734	 1
3717	0	734	 1
3718	0	734	 1
3719	0	734	 1
3720	0	734	 1
3721	0	734	 1
3722	0	734	 1
3723	0	734	 1
3724	0	734	 1
3725	0	734	 1
3726	0	734	 1
3727	0	734	 1
3728	0	734	 1
3729	0	734	 1
3730	0	734	 1
3731	0	734	 1
3732	0	734	 1
3733	0	734	 1
3734	0	734	 1
3735	1	734	 0
3736	0	734	 1
3737	0	734	 1
3738	0	734	 1
3739	0	734	 1
3740	0	734	 1
3741	0	734	 1
3742	0	734	 1
3743	0	734	 1
3744	0	734	 1
3745	0	734	 1
3746	0	734	 1
3747	0	734	 1
3748	0	734	 1
3749	0	734	 1
3750	0	734	 1
3751	0	734	 1
3752	0	734	 1
3753	0	734	 1
3754	0	734	 1
3755	0	734	 1
3756	0	734	 1
3757	0	734	 1
3758	0	734	 1
3759	0	734	 1
3760	0	734	 1
3761	0	734	 1
3762	0	734	 1
3763	0	734	 1
3764	0	734	 1
3765	0	734	 1
3766	0	734	 1
3767	0	734	 1
3768	0	734	 1
3769	0	734	 1
3770	0	734	 1
3771	0	734	 1
3772	0	734	 1
3773	0	734	 1
3774	0	734	 1
3775	0	734	 1
3776	0	734	 1
3777	0	734	 1
3778	1	734	 0
3779	0	734	 1
3780	0	734	 1
3781	0	734	 1
3782	0	734	 1
3783	0	734	 1
3784	0	734	 1
3785	0	734	 1
3786	0	734	 1
3787	0	734	 1
3788	0	734	 1
3789	0	734	 1
3790	0	734	 1
3791	0	734	 1
3792	0	734	 1
3793	0	734	 1
3794	0	734	 1
3795	0	734	 1
3796	0	734	 1
3797	0	734	 1
3798	0	734	 1
3799	0	734	 1
3800	0	734	 1
3801	0	734	 1
3802	0	734	 1
3803	0	734	 1
3804	0	734	 1
3805	0	734	 1
3806	0	734	 1
3807	0	734	 1
3808	0	734	 1
3809	0	734	 1
3810	0	734	 1
3811	0	734	 1
3812	0	734	 1
3813	0	734	 1
3814	0	734	 1
3815	0	734	 1
3816	0	734	 1
3817	0	734	 1
3818	0	734	 1
3819	0	734	 1
3820	0	734	 1
3821	0	734	 1
3822	0	734	 1
3823	0	734	 1
3824	0	734	 1
3825	0	734	 1
3826	0	734	 1
3827	0	734	 1
3828	0	734	 1
3829	0	734	 1
3830	0	734	 1
3831	0	734	 1
3832	0	734	 1
3833	0	734	 1
3834	0	734	 1
3835	0	734	 1
3836	0	734	 1
3837	0	734	 1
3838	0	734	 1
3839	0	734	 1
3840	0	734	 1
3841	0	734	 1
3842	0	734	 1
3843	0	734	 1
3844	0	734	 1
3845	0	734	 1
3846	0	734	 1
3847	0	734	 1
3848	0	734	 1
3849	0	734	 1
3850	0	734	 1
3851	0	734	 1
3852	0	734	 1
3853	0	734	 1
3854	0	734	 1
3855	0	734	 1
3856	0	734	 1
3857	0	734	 1
3858	0	734	 1
3859	0	734	 1
3860	0	734	 1
3861	0	734	 1
3862	0	734	 1
3863	0	734	 1
3864	0	734	 1
3865	0	734	 1
3866	0	734	 1
3867	0	734	 1
3868	0	734	 1
3869	0	734	 1
3870	0	734	 1
3871	0	734	 1
3872	0	734	 1
3873	0	734	 1
3874	0	734	 1
3875	0	734	 1
3876	0	734	 1
3877	0	734	 1
3878	0	734	 1
3879	0	734	 1
3880	0	734	 1
3881	0	734	 1
3882	0	734	 1
3883	0	734	 1
3884	0	734	 1
3885	0	734	 1
3886	0	734	 1
3887	0	734	 1
3888	0	734	 1
3889	0	734	 1
3890	0	734	 1
3891	0	734	 1
3892	0	734	 1
3893	0	734	 1
3894	0	734	 1
3895	0	734	 1
3896	0	734	 1
3897	0	734	 1
3898	0	734	 1
3899	0	734	 1
3900	0	734	 1
3901	0	734	 1
3902	0	734	 1
3903	0	734	 1
3904	0	734	 1
3905	0	734	 1
3906	0	734	 1
3907	0	734	 1
3908	0	734	 1
3909	0	734	 1
3910	0	734	 1
3911	0	734	 1
3912	0	734	 1
3913	0	734	 1
3914	0	734	 1
3915	0	734	 1
3916	0	734	 1
3917	0	734	 1
3918	0	734	 1
3919	0	734	 1
3920	0	734	 1
3921	0	734	 1
3922	0	734	 1
3923	0	734	 1
3924	0	734	 1
3925	0	734	 1
3926	0	734	 1
3927	0	734	 1
3928	0	734	 1
3929	0	734	 1
3930	0	734	 1
3931	0	734	 1
3932	0	734	 1
3933	0	734	 1
3934	0	734	 1
3935	0	734	 1
3936	0	734	 1
3937	0	734	 1
3938	0	734	 1
3939	0	734	 1
3940	0	734	 1
3941	0	734	 1
3942	0	734	 1
3943	0	734	 1
3944	0	734	 1
3945	0	734	 1
3946	0	734	 1
3947	0	734	 1
3948	0	734	 1
3949	0	734	 1
3950	0	734	 1
3951	0	734	 1
3952	0	734	 1
3953	0	734	 1
3954	0	734	 1
3955	0	734	 1
3956	0	734	 1
3957	0	734	 1
3958	0	734	 1
3959	0	734	 1
3960	0	734	 1
3961	0	734	 1
3962	0	734	 1
3963	0	734	 1
3964	0	734	 1
3965	0	734	 1
3966	0	734	 1
3967	0	734	 1
3968	0	734	 1
3969	0	734	 1
3970	0	734	 1
3971	0	734	 1
3972	0	734	 1
3973	0	734	 1
3974	0	734	 1
3975	0	734	 1
3976	0	734	 1
3977	0	734	 1
3978	0	734	 1
3979	0	734	 1
3980	0	734	 1
3981	0	734	 1
3982	0	734	 1
3983	0	734	 1
3984	0	734	 1
3985	0	734	 1
3986	0	734	 1
3987	0	734	 1
3988	0	734	 1
3989	0	734	 1
3990	0	734	 1
3991	0	734	 1
3992	0	734	 1
3993	0	734	 1
3994	0	734	 1
3995	0	734	 1
3996	0	734	 1
3997	0	734	 1
3998	0	734	 1
3999	0	734	 1
4000	0	734	 1
4001	0	734	 1
4002	0	734	 1
4003	0	734	 1
4004	0	734	 1
4005	0	734	 1
4006	0	734	 1
4007	0	734	 1
4008	0	734	 1
4009	0	734	 1
4010	0	734	 1
4011	0	734	 1
4012	0	734	 1
4013	0	734	 1
4014	0	734	 1
4015	0	734	 1
4016	0	734	 1
4017	0	734	 1
4018	0	734	 1
4019	0	734	 1
4020	0	734	 1
4021	0	734	 1
4022	0	734	 1
4023	0	734	 1
4024	0	734	 1
4025	0	734	 1
4026	0	734	 1
4027	0	734	 1
4028	0	734	 1
4029	0	734	 1
4030	0	734	 1
4031	0	734	 1
4032	0	734	 1
4033	0	734	 1
4034	0	734	 1
4035	0	734	 1
4036	0	734	 1
4037	0	734	 1
4038	0	734	 1
4039	0	734	 1
4040	0	734	 1
4041	0	734	 1
4042	0	734	 1
4043	0	734	 1
4044	0	734	 1
4045	144	245	 346
4046	292	388	 55
4047	11	390	 334
4048	128	294	 313
4049	3	388	 344
4050	0	388	 347
4051	509	163	 63
4052	20	389	 326
4053	320	389	 26
4054	2	389	 344
4055	4	389	 342
4056	336	389	 10
4057	54	389	 292
4058	5	389	 341
4059	1	389	 345
4060	0	389	 346
4061	4	389	 342
4062	338	389	 8
4063	49	389	 297
4064	335	390	 10
4065	338	389	 8
4066	322	389	 24
4067	49	389	 297
4068	2	389	 344
4069	6	389	 340
4070	51	389	 295
4071	92	389	 254
4072	0	725	 10
4073	0	389	 346
4074	35	389	 311
4075	335	389	 11
4076	291	389	 55
4077	50	389	 296
4078	1	389	 345
4079	338	389	 8
4080	335	389	 11
4081	34	389	 312
4082	336	389	 10
4083	2	389	 344
4084	290	389	 56
4085	52	389	 294
4086	340	389	 6
4087	2	389	 344
4088	287	389	 59
4089	4	389	 342
4090	336	389	 10
4091	0	725	 10
4092	338	389	 8
4093	0	441	 294
4094	283	389	 63
4095	344	380	 11
4096	350	380	 5
4097	338	389	 8
4098	331	389	 15
4099	336	389	 10
4100	347	380	 8
4101	336	389	 10
4102	336	389	 10
4103	2	389	 344
4104	0	389	 346
4105	338	389	 8
4106	349	380	 6
4107	340	389	 6
4108	2	389	 344
4109	480	247	 8
4110	338	389	 8
4111	53	389	 293
4112	475	254	 6
4113	287	389	 59
4114	335	390	 10
4115	420	253	 62
4116	0	389	 346
4117	14	389	 332
4118	319	380	 36
4119	3	389	 343
4120	49	676	 10
4121	335	389	 11
4122	336	389	 10
4123	338	392	 5
4124	0	389	 346
4125	0	725	 10
4126	338	389	 8
4127	423	257	 55
4128	53	389	 293
4129	2	389	 344
4130	454	268	 13
4131	290	389	 56
4132	336	389	 10
4133	287	389	 59
4134	0	389	 346
4135	4	389	 342
4136	0	727	 8
4137	0	83	 652
4138	0	81	 654
4139	52	388	 295
4140	281	389	 65
4141	53	389	 293
4142	141	248	 346
4143	336	389	 10
4144	0	142	 593
4145	395	330	 10
4146	338	389	 8
4147	329	389	 17
4148	137	590	 8
4149	481	246	 8
4150	4	389	 342
4151	338	389	 8
4152	2	389	 344
4153	87	302	 346
4154	4	389	 342
4155	338	389	 8
4156	475	250	 10
4157	2	389	 344
4158	334	339	 62
4159	334	389	 12
4160	0	389	 346
4161	277	389	 69
4162	0	389	 346
4163	14	389	 332
4164	55	389	 291
4165	3	389	 343
4166	286	389	 60
4167	367	308	 60
4168	287	389	 59
4169	51	389	 295
4170	335	390	 10
4171	338	389	 8
4172	334	389	 12
4173	127	306	 302
4174	325	402	 8
4175	337	389	 9
4176	3	678	 54
4177	285	389	 61
4178	428	296	 11
4179	11	380	 344
4180	80	306	 349
4181	38	389	 308
4182	331	389	 15
4183	332	388	 15
4184	68	305	 362
4185	286	389	 60
4186	2	389	 344
4187	6	389	 340
4188	339	389	 7
4189	337	390	 8
4190	66	380	 289
4191	2	389	 344
4192	9	389	 337
4193	3	391	 341
4194	32	390	 313
4195	0	389	 346
4196	335	389	 11
4197	1	389	 345
4198	280	389	 66
4199	1	438	 296
4200	336	389	 10
4201	0	389	 346
4202	53	389	 293
4203	0	389	 346
4204	338	389	 8
4205	49	389	 297
4206	0	389	 346
4207	286	389	 60
4208	335	389	 11
4209	0	389	 346
4210	54	389	 292
4211	3	388	 344
4212	73	373	 289
4213	66	330	 339
4214	336	389	 10
4215	0	389	 346
4216	418	307	 10
4217	0	389	 346
4218	52	389	 294
4219	429	296	 10
4220	338	389	 8
4221	330	389	 16
4222	21	380	 334
4223	4	389	 342
4224	330	389	 16
4225	49	389	 297
4226	5	389	 341
4227	334	390	 11
4228	0	725	 10
4229	0	389	 346
4230	339	388	 8
4231	2	725	 8
4232	380	294	 61
4233	89	301	 345
4234	345	380	 10
4235	6	389	 340
4236	56	386	 293
4237	295	389	 51
4238	2	389	 344
4239	429	296	 10
4240	0	93	 642
4241	0	92	 643
4242	0	93	 642
4243	0	93	 642
4244	329	389	 17
4245	335	389	 11
4246	83	642	 10
4247	300	389	 46
4248	330	389	 16
4249	275	389	 71
4250	335	389	 11
4251	337	389	 9
4252	344	380	 11
4253	1	389	 345
4254	336	389	 10
4255	0	9	 726
4256	0	9	 726
4257	0	9	 726
4258	0	9	 726
4259	0	9	 726
4260	0	9	 726
4261	0	9	 726
4262	433	294	 8
4263	7	304	 424
4264	365	302	 68
4265	332	393	 10
4266	430	295	 10
4267	43	389	 303
4268	310	415	 10
4269	369	307	 59
4270	289	389	 57
4271	3	389	 343
4272	0	390	 345
4273	51	389	 295
4274	0	389	 346
4275	0	389	 346
4276	332	389	 14
4277	289	389	 57
4278	0	389	 346
4279	281	389	 65
4280	5	389	 341
4281	19	389	 327
4282	338	389	 8
4283	2	389	 344
4284	289	389	 57
4285	287	389	 59
4286	334	389	 12
4287	336	389	 10
4288	33	389	 313
4289	269	442	 24
4290	287	389	 59
4291	288	389	 58
4292	80	309	 346
4293	338	389	 8
4294	86	303	 346
4295	421	304	 10
4296	338	389	 8
4297	3	389	 343
4298	0	389	 346
4299	336	389	 10
4300	38	389	 308
4301	31	389	 315
4302	1	389	 345
4303	1	389	 345
4304	0	389	 346
4305	338	389	 8
4306	337	389	 9
4307	336	389	 10
4308	132	305	 298
4309	90	635	 10
4310	4	389	 342
4311	89	303	 343
4312	89	638	 8
4313	337	389	 9
4314	332	389	 14
4315	345	380	 10
4316	0	389	 346
4317	291	389	 55
4318	2	389	 344
4319	2	389	 344
4320	293	389	 53
4321	228	390	 117
4322	0	389	 346
4323	0	389	 346
4324	299	380	 56
4325	2	389	 344
4326	0	389	 346
4327	3	389	 343
4328	417	310	 8
4329	47	385	 303
4330	5	389	 341
4331	338	389	 8
4332	51	389	 295
4333	327	389	 19
4334	356	373	 6
4335	336	389	 10
4336	12	389	 334
4337	286	389	 60
4338	419	308	 8
4339	2	389	 344
4340	0	725	 10
4341	336	384	 15
4342	0	86	 649
4343	290	389	 56
4344	338	389	 8
4345	431	289	 15
4346	54	389	 292
4347	340	389	 6
4348	50	370	 315
4349	336	389	 10
4350	102	287	 346
4351	340	389	 6
4352	0	102	 633
4353	0	102	 633
4354	0	102	 633
4355	0	102	 633
4356	0	111	 624
4357	0	112	 623
4358	0	112	 623
4359	0	112	 623
4360	0	103	 632
4361	0	103	 632
4362	0	103	 632
4363	0	112	 623
4364	0	112	 623
4365	0	112	 623
4366	0	103	 632
4367	0	102	 633
4368	0	102	 633
4369	0	102	 633
4370	0	102	 633
4371	0	102	 633
4372	0	102	 633
4373	0	86	 649
4374	0	101	 634
4375	0	111	 624
4376	0	111	 624
4377	0	111	 624
4378	1	389	 345
4379	30	380	 325
4380	333	390	 12
4381	289	389	 57
4382	0	389	 346
4383	298	380	 57
4384	337	389	 9
4385	49	389	 297
4386	0	725	 10
4387	69	300	 366
4388	52	389	 294
4389	307	376	 52
4390	4	389	 342
4391	5	387	 343
4392	0	93	 642
4393	0	9	 726
4394	0	9	 726
4395	0	9	 726
4396	0	9	 726
4397	0	9	 726
4398	0	9	 726
4399	0	9	 726
4400	0	9	 726
4401	0	9	 726
4402	0	9	 726
4403	0	9	 726
4404	0	9	 726
4405	0	9	 726
4406	0	111	 624
4407	0	111	 624
4408	0	110	 625
4409	0	111	 624
4410	0	111	 624
4411	0	111	 624
4412	0	111	 624
4413	0	111	 624
4414	0	111	 624
4415	0	9	 726
4416	0	9	 726
4417	0	9	 726
4418	0	9	 726
4419	0	9	 726
4420	0	9	 726
4421	0	9	 726
4422	0	9	 726
4423	0	9	 726
4424	0	9	 726
4425	0	9	 726
4426	0	9	 726
4427	0	9	 726
4428	0	9	 726
4429	0	9	 726
4430	0	10	 725
4431	5	722	 8
4432	111	193	 431
4433	248	195	 292
4434	10	380	 345
4435	2	390	 343
4436	338	389	 8
4437	4	389	 342
4438	336	389	 10
4439	336	389	 10
4440	46	389	 300
4441	337	389	 9
4442	50	391	 294
4443	287	389	 59
4444	9	380	 346
4445	2	389	 344
4446	25	379	 331
4447	285	389	 61
4448	3	388	 344
4449	335	389	 11
4450	0	389	 346
4451	1	389	 345
4452	0	389	 346
4453	53	389	 293
4454	0	389	 346
4455	337	389	 9
4456	1	389	 345
4457	325	389	 21
4458	338	389	 8
4459	2	389	 344
4460	336	389	 10
4461	339	389	 7
4462	336	389	 10
4463	335	389	 11
4464	338	389	 8
4465	93	294	 348
4466	11	716	 8
4467	0	9	 726
4468	0	9	 726
4469	0	9	 726
4470	0	9	 726
4471	0	9	 726
4472	0	9	 726
4473	285	389	 61
4474	333	389	 13
4475	416	308	 11
4476	3	389	 343
4477	36	304	 395
4478	371	294	 70
4479	281	389	 65
4480	100	296	 339
4481	422	305	 8
4482	338	389	 8
4483	122	316	 297
4484	50	389	 296
4485	49	676	 10
4486	2	389	 344
4487	337	380	 18
4488	337	389	 9
4489	424	291	 20
4490	382	304	 49
4491	65	373	 297
4492	269	389	 77
4493	55	304	 376
4494	424	303	 8
4495	419	304	 12
4496	278	304	 153
4497	338	389	 8
4498	0	9	 726
4499	0	9	 726
4500	0	9	 726
4501	0	9	 726
4502	0	9	 726
4503	0	9	 726
4504	0	9	 726
4505	137	278	 320
4506	6	438	 291
4507	0	725	 10
4508	107	277	 351
4509	423	304	 8
4510	0	102	 633
4511	0	102	 633
4512	0	102	 633
4513	0	111	 624
4514	0	111	 624
4515	0	111	 624
4516	0	111	 624
4517	0	111	 624
4518	0	111	 624
4519	0	111	 624
4520	0	111	 624
4521	0	111	 624
4522	0	111	 624
4523	0	111	 624
4524	0	111	 624
4525	0	111	 624
4526	0	111	 624
4527	0	109	 626
4528	0	111	 624
4529	0	111	 624
4530	0	111	 624
4531	0	111	 624
4532	0	111	 624
4533	0	111	 624
4534	0	111	 624
4535	0	95	 640
4536	338	389	 8
4537	444	192	 99
4538	0	725	 10
4539	0	389	 346
4540	2	389	 344
4541	289	389	 57
4542	55	389	 291
4543	6	389	 340
4544	0	389	 346
4545	0	735	 0
4546	404	305	 26
4547	441	288	 6
4548	111	278	 346
4549	320	389	 26
4550	0	389	 346
4551	340	385	 10
4552	18	373	 344
4553	336	389	 10
4554	0	389	 346
4555	286	389	 60
4556	435	290	 10
4557	55	389	 291
4558	340	389	 6
4559	337	389	 9
4560	0	102	 633
4561	0	102	 633
4562	0	102	 633
4563	0	19	 716
4564	338	389	 8
4565	334	392	 9
4566	41	304	 390
4567	190	202	 343
4568	424	304	 7
4569	425	305	 5
4570	31	389	 315
4571	94	304	 337
4572	336	389	 10
4573	0	389	 346
4574	295	389	 51
4575	336	389	 10
4576	2	389	 344
4577	373	304	 58
4578	363	309	 63
4579	508	218	 9
4580	347	305	 83
4581	311	389	 35
4582	56	389	 290
4583	88	304	 343
4584	0	389	 346
4585	287	389	 59
4586	0	735	 0
4587	141	304	 290
4588	0	102	 633
4589	0	102	 633
4590	0	102	 633
4591	0	102	 633
4592	0	102	 633
4593	0	102	 633
4594	0	102	 633
4595	0	102	 633
4596	0	111	 624
4597	0	111	 624
4598	0	111	 624
4599	0	111	 624
4600	0	111	 624
4601	0	111	 624
4602	66	376	 293
4603	338	389	 8
4604	437	288	 10
4605	5	389	 341
4606	5	381	 349
4607	0	389	 346
4608	0	389	 346
4609	104	625	 6
4610	24	708	 3
4611	435	292	 8
4612	286	389	 60
4613	265	389	 81
4614	276	389	 70
4615	338	389	 8
4616	2	389	 344
4617	0	389	 346
4618	338	389	 8
4619	288	390	 57
4620	47	389	 299
4621	0	389	 346
4622	51	391	 293
4623	424	305	 6
4624	0	389	 346
4625	336	389	 10
4626	291	380	 64
4627	57	389	 289
4628	113	278	 344
4629	354	371	 10
4630	56	673	 6
4631	0	111	 624
4632	0	111	 624
4633	0	111	 624
4634	0	111	 624
4635	0	111	 624
4636	0	111	 624
4637	0	109	 626
4638	0	95	 640
4639	0	111	 624
4640	0	111	 624
4641	0	9	 726
4642	0	9	 726
4643	0	9	 726
4644	0	9	 726
4645	0	9	 726
4646	0	9	 726
4647	0	9	 726
4648	0	9	 726
4649	0	111	 624
4650	0	725	 10
4651	335	389	 11
4652	6	384	 345
4653	145	571	 19
4654	434	291	 10
4655	337	389	 9
4656	326	390	 19
4657	8	389	 338
4658	339	389	 7
4659	110	278	 347
4660	0	389	 346
4661	0	389	 346
4662	0	392	 343
4663	300	389	 46
4664	2	390	 343
4665	13	389	 333
4666	5	389	 341
4667	416	289	 30
4668	336	389	 10
4669	338	389	 8
4670	441	279	 15
4671	0	389	 346
4672	340	389	 6
4673	43	389	 303
4674	282	389	 64
4675	1	389	 345
4676	345	380	 10
4677	340	389	 6
4678	347	380	 8
4679	0	389	 346
4680	41	389	 305
4681	336	389	 10
4682	289	389	 57
4683	0	389	 346
4684	341	389	 5
4685	5	389	 341
4686	331	389	 15
4687	336	389	 10
4688	0	391	 344
4689	327	389	 19
4690	314	380	 41
4691	336	389	 10
4692	0	389	 346
4693	336	389	 10
4694	340	389	 6
4695	0	389	 346
4696	0	389	 346
4697	338	389	 8
4698	55	389	 291
4699	3	392	 340
4700	0	389	 346
4701	333	389	 13
4702	335	389	 11
4703	49	389	 297
4704	287	389	 59
4705	52	673	 10
4706	423	290	 22
4707	336	389	 10
4708	338	389	 8
4709	7	727	 1
4710	338	387	 10
4711	0	389	 346
4712	419	305	 11
4713	0	389	 346
4714	286	389	 60
4715	333	389	 13
4716	0	389	 346
4717	386	304	 45
4718	85	217	 433
4719	283	389	 63
4720	0	727	 8
4721	5	727	 3
4722	0	727	 8
4723	2	727	 6
4724	0	727	 8
4725	0	727	 8
4726	0	727	 8
4727	0	733	 2
4728	0	727	 8
4729	0	727	 8
4730	8	727	 0
4731	3	727	 5
4732	0	729	 6
4733	0	735	 0
4734	0	729	 6
4735	0	727	 8
4736	0	727	 8
4737	0	727	 8
4738	0	727	 8
4739	0	727	 8
4740	2	727	 6
4741	0	727	 8
4742	0	727	 8
4743	0	727	 8
4744	0	727	 8
4745	0	727	 8
4746	0	727	 8
4747	2	727	 6
4748	0	727	 8
4749	0	727	 8
4750	2	727	 6
4751	0	727	 8
4752	0	727	 8
4753	11	718	 6
4754	0	727	 8
4755	0	727	 8
4756	9	718	 8
4757	2	727	 6
4758	0	727	 8
4759	0	727	 8
4760	2	727	 6
4761	25	702	 8
4762	6	723	 6
4763	0	727	 8
4764	0	9	 726
4765	0	9	 726
4766	0	9	 726
4767	0	727	 8
4768	0	729	 6
4769	103	626	 6
4770	9	718	 8
4771	110	617	 8
4772	0	727	 8
4773	3	727	 5
4774	3	727	 5
4775	2	727	 6
4776	0	727	 8
4777	2	727	 6
4778	0	727	 8
4779	0	727	 8
4780	2	727	 6
4781	0	727	 8
4782	0	727	 8
4783	3	727	 5
4784	5	727	 3
4785	0	727	 8
4786	2	727	 6
4787	0	727	 8
4788	0	727	 8
4789	0	727	 8
4790	0	727	 8
4791	0	727	 8
4792	0	727	 8
4793	0	727	 8
4794	0	727	 8
4795	3	727	 5
4796	0	727	 8
4797	3	727	 5
4798	5	727	 3
4799	5	727	 3
4800	0	727	 8
4801	0	727	 8
4802	2	727	 6
4803	0	727	 8
4804	0	727	 8
4805	0	727	 8
4806	0	727	 8
4807	0	727	 8
4808	0	727	 8
4809	0	727	 8
4810	2	727	 6
4811	0	727	 8
4812	0	727	 8
4813	0	727	 8
4814	2	727	 6
4815	0	727	 8
4816	5	727	 3
4817	0	735	 0
4818	2	727	 6
4819	0	727	 8
4820	0	727	 8
4821	8	727	 0
4822	0	727	 8
4823	0	727	 8
4824	2	727	 6
4825	1	727	 7
4826	3	727	 5
4827	0	727	 8
4828	0	727	 8
4829	0	727	 8
4830	0	727	 8
4831	0	727	 8
4832	0	727	 8
4833	0	727	 8
4834	0	727	 8
4835	2	727	 6
4836	0	727	 8
4837	0	727	 8
4838	2	727	 6
4839	0	727	 8
4840	2	727	 6
4841	0	727	 8
4842	0	727	 8
4843	0	727	 8
4844	0	727	 8
4845	0	727	 8
4846	0	727	 8
4847	0	727	 8
4848	2	727	 6
4849	0	727	 8
4850	3	727	 5
4851	0	727	 8
4852	1	727	 7
4853	0	727	 8
4854	0	727	 8
4855	0	727	 8
4856	0	727	 8
4857	0	727	 8
4858	2	727	 6
4859	0	727	 8
4860	0	727	 8
4861	0	727	 8
4862	0	727	 8
4863	0	727	 8
4864	0	727	 8
4865	0	727	 8
4866	0	734	 1
4867	0	727	 8
4868	0	727	 8
4869	0	727	 8
4870	0	727	 8
4871	0	727	 8
4872	0	727	 8
4873	1	727	 7
4874	0	727	 8
4875	0	727	 8
4876	2	727	 6
4877	0	727	 8
4878	0	727	 8
4879	0	727	 8
4880	2	727	 6
4881	0	727	 8
4882	0	727	 8
4883	0	727	 8
4884	0	727	 8
4885	0	727	 8
4886	0	727	 8
4887	0	727	 8
4888	0	727	 8
4889	0	727	 8
4890	0	727	 8
4891	0	727	 8
4892	0	727	 8
4893	0	727	 8
4894	0	734	 1
4895	0	727	 8
4896	0	727	 8
4897	0	727	 8
4898	7	727	 1
4899	0	727	 8
4900	0	727	 8
4901	0	727	 8
4902	0	727	 8
4903	0	727	 8
4904	2	727	 6
4905	0	727	 8
4906	3	727	 5
4907	0	727	 8
4908	0	727	 8
4909	0	727	 8
4910	2	727	 6
4911	2	727	 6
4912	5	727	 3
4913	0	727	 8
4914	0	727	 8
4915	2	727	 6
4916	0	727	 8
4917	0	727	 8
4918	0	727	 8
4919	0	729	 6
4920	0	727	 8
4921	0	727	 8
4922	0	727	 8
4923	2	727	 6
4924	0	727	 8
4925	0	727	 8
4926	0	727	 8
4927	0	727	 8
4928	0	727	 8
4929	0	727	 8
4930	2	727	 6
4931	0	727	 8
4932	0	727	 8
4933	0	727	 8
4934	0	727	 8
4935	0	727	 8
4936	0	727	 8
4937	0	727	 8
4938	2	727	 6
4939	3	727	 5
4940	0	727	 8
4941	0	727	 8
4942	0	727	 8
4943	0	727	 8
4944	0	727	 8
4945	0	727	 8
4946	0	727	 8
4947	0	727	 8
4948	0	727	 8
4949	0	727	 8
4950	0	727	 8
4951	0	727	 8
4952	0	729	 6
4953	0	727	 8
4954	0	727	 8
4955	0	729	 6
4956	0	727	 8
4957	3	727	 5
4958	0	732	 3
4959	0	727	 8
4960	0	727	 8
4961	0	727	 8
4962	4	727	 4
4963	0	727	 8
4964	0	727	 8
4965	0	727	 8
4966	0	727	 8
4967	5	727	 3
4968	11	718	 6
4969	0	727	 8
4970	9	718	 8
4971	0	727	 8
4972	0	727	 8
4973	9	718	 8
4974	9	718	 8
4975	0	727	 8
4976	0	727	 8
4977	0	727	 8
4978	0	727	 8
4979	0	727	 8
4980	2	727	 6
4981	0	727	 8
4982	0	727	 8
4983	0	729	 6
4984	0	727	 8
4985	0	727	 8
4986	0	727	 8
4987	0	727	 8
4988	0	727	 8
4989	2	727	 6
4990	0	728	 7
4991	0	727	 8
4992	0	727	 8
4993	0	727	 8
4994	0	727	 8
4995	0	727	 8
4996	2	727	 6
4997	0	727	 8
4998	0	727	 8
4999	0	727	 8
5000	0	727	 8
5001	0	727	 8
5002	3	727	 5
5003	0	727	 8
5004	3	727	 5
5005	0	727	 8
5006	0	727	 8
5007	0	727	 8
5008	0	727	 8
5009	3	727	 5
5010	0	727	 8
5011	2	727	 6
5012	0	727	 8
5013	0	727	 8
5014	0	727	 8
5015	0	727	 8
5016	0	727	 8
5017	0	727	 8
5018	0	727	 8
5019	0	727	 8
5020	0	727	 8
5021	0	727	 8
5022	0	727	 8
5023	0	727	 8
5024	0	727	 8
5025	0	727	 8
5026	0	727	 8
5027	0	727	 8
5028	0	727	 8
5029	0	727	 8
5030	0	727	 8
5031	0	727	 8
5032	0	727	 8
5033	0	727	 8
5034	2	727	 6
5035	0	727	 8
5036	0	727	 8
5037	2	727	 6
5038	0	727	 8
5039	0	727	 8
5040	0	727	 8
5041	2	727	 6
5042	0	727	 8
5043	2	727	 6
5044	2	727	 6
5045	0	727	 8
5046	0	727	 8
5047	0	727	 8
5048	0	727	 8
5049	0	727	 8
5050	2	727	 6
5051	0	727	 8
5052	2	727	 6
5053	2	727	 6
5054	0	727	 8
5055	0	727	 8
5056	0	727	 8
5057	0	727	 8
5058	0	727	 8
5059	0	727	 8
5060	2	727	 6
5061	2	727	 6
5062	0	727	 8
5063	0	727	 8
5064	0	727	 8
5065	0	727	 8
5066	0	727	 8
5067	0	727	 8
5068	0	727	 8
5069	0	727	 8
5070	0	727	 8
5071	0	727	 8
5072	0	727	 8
5073	0	727	 8
5074	0	727	 8
5075	0	727	 8
5076	2	727	 6
5077	0	727	 8
5078	0	727	 8
5079	0	727	 8
5080	2	727	 6
5081	2	727	 6
5082	0	727	 8
5083	2	727	 6
5084	0	727	 8
5085	0	727	 8
5086	0	727	 8
5087	0	727	 8
5088	0	727	 8
5089	0	727	 8
5090	0	727	 8
5091	0	727	 8
5092	0	727	 8
5093	0	727	 8
5094	5	727	 3
5095	2	642	 91
5096	146	584	 5
5097	0	642	 93
5098	0	642	 93
5099	0	642	 93
5100	93	558	 84
5101	57	633	 45
5102	85	642	 8
5103	176	540	 19
5104	88	642	 5
5105	6	643	 86
5106	51	642	 42
5107	126	561	 48
5108	87	642	 6
5109	85	642	 8
5110	39	642	 54
5111	0	727	 8
5112	85	642	 8
5113	3	642	 90
5114	184	542	 9
5115	168	557	 10
5116	83	641	 11
5117	0	641	 94
5118	47	641	 47
5119	85	641	 9
5120	0	641	 94
5121	0	641	 94
5122	85	641	 9
5123	53	641	 41
5124	0	641	 94
5125	3	641	 91
5126	82	641	 12
5127	46	641	 48
5128	83	643	 9
5129	101	541	 93
5130	33	641	 61
5131	177	547	 11
5132	180	546	 9
5133	85	641	 9
5134	93	633	 9
5135	85	641	 9
5136	39	641	 55
5137	108	624	 3
5138	78	641	 16
5139	0	641	 94
5140	39	641	 55
5141	40	640	 55
5142	0	110	 625
5143	0	110	 625
5144	0	110	 625
5145	0	110	 625
5146	0	110	 625
5147	91	641	 3
5148	109	532	 94
5149	63	623	 49
5150	48	641	 46
5151	87	641	 7
5152	186	540	 9
5153	86	641	 8
5154	0	673	 62
5155	97	540	 98
5156	0	101	 634
5157	0	101	 634
5158	0	101	 634
5159	0	101	 634
5160	0	101	 634
5161	0	101	 634
5162	0	85	 650
5163	87	641	 7
5164	194	532	 9
5165	3	726	 6
5166	94	632	 9
5167	38	653	 44
5168	83	641	 11
5169	102	540	 93
5170	163	563	 9
5171	3	641	 91
5172	0	641	 94
5173	88	641	 6
5174	54	642	 39
5175	88	641	 6
5176	85	641	 9
5177	51	641	 43
5178	0	642	 93
5179	0	641	 94
5180	84	641	 10
5181	0	726	 9
5182	12	632	 91
5183	0	9	 726
5184	44	641	 50
5185	181	541	 13
5186	200	531	 4
5187	1	643	 91
5188	85	641	 9
5189	85	641	 9
5190	85	641	 9
5191	85	641	 9
5192	0	735	 0
5193	55	632	 48
5194	0	641	 94
5195	0	9	 726
5196	0	9	 726
5197	94	632	 9
5198	96	632	 7
5199	6	641	 88
5200	88	638	 9
5201	88	641	 6
5202	179	547	 9
5203	84	641	 10
5204	40	641	 54
5205	50	641	 44
5206	99	542	 94
5207	56	641	 38
5208	0	641	 94
5209	42	637	 56
5210	0	25	 710
5211	0	110	 625
5212	0	110	 625
5213	0	110	 625
5214	0	110	 625
5215	0	110	 625
5216	0	110	 625
5217	0	110	 625
5218	0	110	 625
5219	0	110	 625
5220	0	110	 625
5221	82	641	 12
5222	0	726	 9
5223	49	641	 45
5224	4	640	 91
5225	162	481	 92
5226	9	641	 85
5227	3	726	 6
5228	86	640	 9
5229	33	641	 61
5230	88	641	 6
5231	86	641	 8
5232	3	641	 91
5233	0	641	 94
5234	85	641	 9
5235	0	641	 94
5236	17	625	 93
5237	40	641	 54
5238	51	641	 43
5239	46	641	 48
5240	76	641	 18
5241	137	543	 55
5242	0	641	 94
5243	85	641	 9
5244	9	641	 85
5245	45	681	 9
5246	83	643	 9
5247	110	531	 94
5248	107	542	 86
5249	2	641	 92
5250	0	9	 726
5251	0	9	 726
5252	0	9	 726
5253	0	9	 726
5254	0	9	 726
5255	0	9	 726
5256	55	632	 48
5257	36	632	 67
5258	9	719	 7
5259	0	9	 726
5260	0	9	 726
5261	0	9	 726
5262	0	9	 726
5263	0	9	 726
5264	0	9	 726
5265	0	9	 726
5266	0	9	 726
5267	0	9	 726
5268	55	632	 48
5269	9	632	 94
5270	36	641	 58
5271	74	652	 9
5272	4	641	 90
5273	9	632	 94
5274	1	641	 93
5275	46	641	 48
5276	0	641	 94
5277	41	641	 53
5278	170	556	 9
5279	47	632	 56
5280	87	641	 7
5281	165	531	 39
5282	85	641	 9
5283	39	641	 55
5284	0	9	 726
5285	0	9	 726
5286	97	631	 7
5287	5	640	 90
5288	73	641	 21
5289	83	643	 9
5290	83	641	 11
5291	97	627	 11
5292	0	9	 726
5293	32	641	 62
5294	136	531	 68
5295	46	641	 48
5296	0	641	 94
5297	0	9	 726
5298	0	9	 726
5299	15	633	 87
5300	94	632	 9
5301	3	641	 91
5302	85	641	 9
5303	87	641	 7
5304	94	632	 9
5305	3	724	 8
5306	0	726	 9
5307	85	641	 9
5308	2	641	 92
5309	37	641	 57
5310	167	559	 9
5311	120	544	 71
5312	98	541	 96
5313	48	641	 46
5314	0	9	 726
5315	0	9	 726
5316	0	9	 726
5317	0	9	 726
5318	0	9	 726
5319	0	9	 726
5320	0	9	 726
5321	0	9	 726
5322	0	9	 726
5323	0	9	 726
5324	0	9	 726
5325	0	9	 726
5326	0	9	 726
5327	0	9	 726
5328	0	9	 726
5329	0	9	 726
5330	0	9	 726
5331	0	726	 9
5332	5	632	 98
5333	0	729	 6
5334	3	641	 91
5335	12	632	 91
5336	89	641	 5
5337	81	641	 13
5338	95	632	 8
5339	24	641	 70
5340	0	641	 94
5341	0	641	 94
5342	41	641	 53
5343	2	641	 92
5344	85	641	 9
5345	45	632	 58
5346	37	641	 57
5347	101	581	 53
5348	72	548	 115
5349	87	632	 16
5350	55	625	 55
5351	85	641	 9
5352	0	110	 625
5353	0	29	 706
5354	100	546	 89
5355	178	548	 9
5356	74	641	 20
5357	84	559	 92
5358	197	532	 6
5359	0	110	 625
5360	0	110	 625
5361	0	9	 726
5362	0	9	 726
5363	0	9	 726
5364	0	9	 726
5365	0	9	 726
5366	0	9	 726
5367	0	9	 726
5368	0	9	 726
5369	0	110	 625
5370	177	548	 10
5371	98	628	 9
5372	0	641	 94
5373	94	632	 9
5374	85	641	 9
5375	41	640	 54
5376	85	641	 9
5377	190	541	 4
5378	2	641	 92
5379	49	639	 47
5380	5	636	 94
5381	0	641	 94
5382	0	641	 94
5383	11	632	 92
5384	175	542	 18
5385	0	641	 94
5386	83	641	 11
5387	3	642	 90
5388	85	641	 9
5389	99	544	 92
5390	91	625	 19
5391	59	582	 94
5392	0	641	 94
5393	0	641	 94
5394	184	542	 9
5395	3	641	 91
5396	120	560	 55
5397	48	641	 46
5398	149	532	 54
5399	0	9	 726
5400	0	9	 726
5401	52	641	 42
5402	87	641	 7
5403	38	641	 56
5404	87	641	 7
5405	39	641	 55
5406	18	623	 94
5407	3	641	 91
5408	167	558	 10
5409	94	632	 9
5410	1	641	 93
5411	2	641	 92
5412	0	9	 726
5413	0	9	 726
5414	0	9	 726
5415	0	9	 726
5416	0	9	 726
5417	0	9	 726
5418	0	9	 726
5419	0	9	 726
5420	0	9	 726
5421	0	9	 726
5422	0	9	 726
5423	0	9	 726
5424	0	9	 726
5425	0	9	 726
5426	1	641	 93
5427	83	641	 11
5428	84	641	 10
5429	86	558	 91
5430	161	565	 9
5431	85	641	 9
5432	85	641	 9
5433	0	641	 94
5434	18	624	 93
5435	0	9	 726
5436	0	9	 726
5437	0	9	 726
5438	0	9	 726
5439	0	9	 726
5440	0	9	 726
5441	0	9	 726
5442	0	9	 726
5443	0	9	 726
5444	0	9	 726
5445	0	9	 726
5446	0	9	 726
5447	0	9	 726
5448	0	9	 726
5449	0	9	 726
5450	0	9	 726
5451	0	9	 726
5452	1	641	 93
5453	85	641	 9
5454	85	641	 9
5455	139	566	 30
5456	86	640	 9
5457	1	641	 93
5458	105	541	 89
5459	85	641	 9
5460	0	9	 726
5461	0	9	 726
5462	0	9	 726
5463	0	9	 726
5464	0	9	 726
5465	0	9	 726
5466	0	9	 726
5467	0	9	 726
5468	0	9	 726
5469	0	9	 726
5470	2	641	 92
5471	186	542	 7
5472	33	641	 61
5473	0	110	 625
5474	0	110	 625
5475	0	110	 625
5476	0	17	 718
5477	0	641	 94
5478	84	641	 10
5479	101	540	 94
5480	87	641	 7
5481	57	641	 37
5482	86	641	 8
5483	46	641	 48
5484	85	641	 9
5485	2	726	 7
5486	39	641	 55
5487	0	726	 9
5488	0	641	 94
5489	85	641	 9
5490	0	641	 94
5491	190	541	 4
5492	181	544	 10
5493	171	548	 16
5494	1	640	 94
5495	6	641	 88
5496	0	10	 725
5497	0	9	 726
5498	0	9	 726
5499	0	9	 726
5500	0	9	 726
5501	0	9	 726
5502	0	9	 726
5503	0	9	 726
5504	0	9	 726
5505	0	9	 726
5506	0	9	 726
5507	0	9	 726
5508	0	9	 726
5509	0	9	 726
5510	0	9	 726
5511	0	9	 726
5512	0	9	 726
5513	0	9	 726
5514	0	9	 726
5515	45	641	 49
5516	151	575	 9
5517	0	730	 5
5518	103	622	 10
5519	0	641	 94
5520	51	641	 43
5521	131	552	 52
5522	5	641	 89
5523	85	641	 9
5524	76	641	 18
5525	94	632	 9
5526	94	632	 9
5527	0	9	 726
5528	0	9	 726
5529	0	9	 726
5530	0	9	 726
5531	0	9	 726
5532	0	9	 726
5533	0	9	 726
5534	0	9	 726
5535	0	9	 726
5536	0	9	 726
5537	0	9	 726
5538	0	9	 726
5539	0	9	 726
5540	0	9	 726
5541	0	9	 726
5542	0	9	 726
5543	0	9	 726
5544	0	9	 726
5545	0	9	 726
5546	0	9	 726
5547	0	9	 726
5548	0	9	 726
5549	0	9	 726
5550	0	9	 726
5551	0	9	 726
5552	0	9	 726
5553	0	9	 726
5554	0	9	 726
5555	0	9	 726
5556	0	9	 726
5557	0	9	 726
5558	85	641	 9
5559	0	641	 94
5560	0	641	 94
5561	48	641	 46
5562	68	641	 26
5563	1	641	 93
5564	78	641	 16
5565	0	641	 94
5566	0	641	 94
5567	0	718	 17
5568	0	726	 9
5569	43	641	 51
5570	193	535	 7
5571	0	643	 92
5572	86	641	 8
5573	85	641	 9
5574	80	641	 14
5575	4	641	 90
5576	6	643	 86
5577	84	641	 10
5578	148	547	 40
5579	19	622	 94
5580	48	641	 46
5581	0	644	 91
5582	31	640	 64
5583	0	650	 85
5584	46	641	 48
5585	0	110	 625
5586	0	110	 625
5587	0	110	 625
5588	0	110	 625
5589	0	110	 625
5590	27	621	 87
5591	146	533	 56
5592	86	641	 8
5593	39	641	 55
5594	83	641	 11
5595	85	641	 9
5596	101	624	 10
5597	38	641	 56
5598	2	641	 92
5599	83	641	 11
5600	0	110	 625
5601	0	110	 625
5602	0	110	 625
5603	0	21	 714
5604	0	726	 9
5605	85	641	 9
5606	101	540	 94
5607	22	641	 72
5608	0	641	 94
5609	87	556	 92
5610	0	641	 94
5611	0	641	 94
5612	0	101	 634
5613	104	540	 91
5614	3	638	 94
5615	55	632	 48
5616	0	641	 94
5617	81	641	 13
5618	184	542	 9
5619	128	571	 36
5620	0	95	 640
5621	0	110	 625
5622	0	110	 625
5623	1	641	 93
5624	0	641	 94
5625	155	542	 38
5626	197	531	 7
5627	44	639	 52
5628	85	641	 9
5629	85	641	 9
5630	97	632	 6
5631	0	641	 94
5632	45	641	 49
5633	12	641	 82
5634	40	641	 54
5635	101	540	 94
5636	47	641	 47
5637	92	542	 101
5638	0	110	 625
5639	0	110	 625
5640	0	1	 734
5641	0	9	 726
5642	0	9	 726
5643	0	9	 726
5644	0	9	 726
5645	0	110	 625
5646	0	110	 625
5647	0	110	 625
5648	0	110	 625
5649	0	110	 625
5650	0	110	 625
5651	0	110	 625
5652	0	110	 625
5653	0	110	 625
5654	0	110	 625
5655	0	101	 634
5656	0	101	 634
5657	0	101	 634
5658	0	110	 625
5659	0	110	 625
5660	110	531	 94
5661	40	642	 53
5662	94	632	 9
5663	93	632	 10
5664	104	540	 91
5665	46	641	 48
5666	50	641	 44
5667	0	641	 94
5668	39	641	 55
5669	146	541	 48
5670	4	641	 90
5671	90	636	 9
5672	94	632	 9
5673	85	641	 9
5674	129	561	 45
5675	4	641	 90
5676	0	9	 726
5677	62	625	 48
5678	35	641	 59
5679	0	641	 94
5680	0	641	 94
5681	85	641	 9
5682	195	531	 9
5683	85	632	 18
5684	0	9	 726
5685	0	9	 726
5686	0	9	 726
5687	0	9	 726
5688	0	9	 726
5689	0	9	 726
5690	0	9	 726
5691	0	9	 726
5692	0	9	 726
5693	0	9	 726
5694	0	9	 726
5695	0	9	 726
5696	0	9	 726
5697	0	9	 726
5698	0	9	 726
5699	0	9	 726
5700	0	9	 726
5701	0	641	 94
5702	0	641	 94
5703	46	641	 48
5704	160	531	 44
5705	51	641	 43
5706	166	559	 10
5707	84	641	 10
5708	79	641	 15
5709	39	641	 55
5710	87	639	 9
5711	85	641	 9
5712	170	556	 9
5713	39	641	 55
5714	85	641	 9
5715	103	629	 3
5716	88	638	 9
5717	6	641	 88
5718	7	641	 87
5719	85	641	 9
5720	92	629	 14
5721	2	641	 92
5722	3	641	 91
5723	200	531	 4
5724	85	641	 9
5725	0	726	 9
5726	0	9	 726
5727	0	9	 726
5728	0	9	 726
5729	0	9	 726
5730	0	9	 726
5731	0	9	 726
5732	0	9	 726
5733	0	9	 726
5734	0	9	 726
5735	47	643	 45
5736	35	639	 61
5737	176	552	 7
5738	3	687	 45
5739	0	732	 3
5740	38	641	 56
5741	1	641	 93
5742	34	641	 60
5743	81	641	 13
5744	87	641	 7
5745	85	641	 9
5746	46	641	 48
5747	40	601	 94
5748	83	560	 92
5749	85	641	 9
5750	94	547	 94
5751	6	641	 88
5752	81	641	 13
5753	0	726	 9
5754	0	643	 92
5755	4	641	 90
5756	87	641	 7
5757	38	641	 56
5758	1	641	 93
5759	6	641	 88
5760	85	641	 9
5761	2	641	 92
5762	45	641	 49
5763	0	641	 94
5764	85	641	 9
5765	49	641	 45
5766	83	641	 11
5767	31	656	 48
5768	85	641	 9
5769	45	642	 48
5770	47	641	 47
5771	167	559	 9
5772	54	638	 43
5773	127	600	 8
5774	101	625	 9
5775	96	632	 7
5776	79	647	 9
5777	0	641	 94
5778	90	641	 4
5779	96	547	 92
5780	2	641	 92
5781	85	641	 9
5782	73	641	 21
5783	91	635	 9
5784	9	632	 94
5785	0	641	 94
5786	84	641	 10
5787	0	9	 726
5788	0	9	 726
5789	0	9	 726
5790	0	9	 726
5791	0	9	 726
5792	0	9	 726
5793	0	9	 726
5794	0	9	 726
5795	0	9	 726
5796	0	9	 726
5797	9	632	 94
5798	46	641	 48
5799	46	641	 48
5800	98	540	 97
5801	85	641	 9
5802	130	553	 52
5803	0	9	 726
5804	0	9	 726
5805	0	9	 726
5806	0	9	 726
5807	0	9	 726
5808	0	9	 726
5809	0	9	 726
5810	0	9	 726
5811	0	9	 726
5812	0	9	 726
5813	0	9	 726
5814	0	9	 726
5815	0	10	 725
5816	0	10	 725
5817	84	641	 10
5818	188	540	 7
5819	83	641	 11
5820	84	641	 10
5821	0	726	 9
5822	56	641	 38
5823	85	641	 9
5824	0	641	 94
5825	40	641	 54
5826	1	641	 93
5827	9	632	 94
5828	168	560	 7
5829	118	558	 59
5830	87	641	 7
5831	46	641	 48
5832	4	637	 94
5833	141	528	 66
5834	75	641	 19
5835	66	641	 28
5836	86	641	 8
5837	80	641	 14
5838	87	641	 7
5839	85	641	 9
5840	90	641	 4
5841	10	641	 84
5842	50	641	 44
5843	181	542	 12
5844	85	558	 92
5845	36	641	 58
5846	46	641	 48
5847	1	641	 93
5848	72	641	 22
5849	84	641	 10
5850	85	641	 9
5851	83	641	 11
5852	37	641	 57
5853	51	641	 43
5854	88	641	 6
5855	39	641	 55
5856	0	641	 94
5857	42	596	 97
5858	165	557	 13
5859	49	641	 45
5860	39	641	 55
5861	108	618	 9
5862	113	613	 9
5863	0	17	 718
5864	40	641	 54
5865	186	540	 9
5866	187	540	 8
5867	1	641	 93
5868	7	641	 87
5869	0	99	 636
5870	0	101	 634
5871	0	101	 634
5872	0	101	 634
5873	101	625	 9
5874	85	641	 9
5875	135	550	 50
5876	88	640	 7
5877	1	725	 9
5878	185	540	 10
5879	0	17	 718
5880	155	561	 19
5881	0	641	 94
5882	85	641	 9
5883	158	556	 21
5884	37	641	 57
5885	46	641	 48
5886	43	637	 55
5887	2	641	 92
5888	0	17	 718
5889	94	540	 101
5890	13	640	 82
5891	0	645	 90
5892	0	641	 94
5893	0	641	 94
5894	87	641	 7
5895	38	641	 56
5896	55	641	 39
5897	85	641	 9
5898	1	641	 93
5899	83	642	 10
5900	0	641	 94
5901	0	641	 94
5902	83	641	 11
5903	3	641	 91
5904	50	641	 44
5905	85	641	 9
5906	0	641	 94
5907	1	641	 93
5908	79	641	 15
5909	0	641	 94
5910	85	641	 9
5911	85	641	 9
5912	54	641	 40
5913	59	641	 35
5914	87	641	 7
5915	81	641	 13
5916	3	641	 91
5917	82	641	 12
5918	3	641	 91
5919	85	641	 9
5920	83	641	 11
5921	85	641	 9
5922	0	641	 94
5923	75	641	 19
5924	85	641	 9
5925	85	641	 9
5926	93	641	 1
5927	0	641	 94
5928	0	642	 93
5929	19	623	 93
5930	0	12	 723
5931	70	629	 36
5932	103	540	 92
5933	48	641	 46
5934	3	641	 91
5935	32	641	 62
5936	82	641	 12
5937	85	641	 9
5938	3	638	 94
5939	0	641	 94
5940	104	622	 9
5941	0	18	 717
5942	0	18	 717
5943	0	102	 633
5944	0	102	 633
5945	0	101	 634
5946	0	101	 634
5947	0	101	 634
5948	0	101	 634
5949	0	83	 652
5950	87	641	 7
5951	86	641	 8
5952	86	641	 8
5953	95	540	 100
5954	0	641	 94
5955	80	641	 14
5956	0	2	 733
5957	80	541	 114
5958	6	641	 88
5959	48	641	 46
5960	5	641	 89
5961	0	641	 94
5962	3	641	 91
5963	39	641	 55
5964	5	641	 89
5965	0	641	 94
5966	56	640	 39
5967	5	641	 89
5968	78	648	 9
5969	3	640	 92
5970	37	641	 57
5971	1	641	 93
5972	0	641	 94
5973	162	557	 16
5974	87	639	 9
5975	85	641	 9
5976	80	641	 14
5977	85	641	 9
5978	32	641	 62
5979	0	641	 94
5980	38	688	 9
5981	83	641	 11
5982	83	641	 11
5983	89	637	 9
5984	63	624	 48
5985	84	641	 10
5986	64	623	 48
5987	39	642	 54
5988	76	642	 17
5989	0	727	 8
5990	87	642	 6
5991	87	642	 6
5992	85	642	 8
5993	179	547	 9
5994	39	642	 54
5995	46	642	 47
5996	99	543	 93
5997	103	541	 91
5998	40	642	 53
5999	4	642	 89
6000	0	642	 93
6001	39	643	 53
6002	85	642	 8
6003	49	642	 44
6004	0	642	 93
6005	54	642	 39
6006	85	642	 8
6007	180	528	 27
6008	157	541	 37
6009	84	643	 8
6010	46	642	 47
6011	29	642	 64
6012	64	642	 29
6013	85	642	 8
6014	0	642	 93
6015	0	642	 93
6016	0	642	 93
6017	55	642	 38
6018	85	642	 8
6019	87	642	 6
6020	82	642	 11
6021	7	642	 86
6022	1	642	 92
6023	87	642	 6
6024	0	642	 93
6025	48	642	 45
6026	5	642	 88
6027	87	642	 6
6028	39	642	 54
6029	0	642	 93
6030	0	642	 93
6031	89	642	 4
6032	2	642	 91
6033	25	642	 68
6034	85	642	 8
6035	19	642	 74
6036	49	642	 44
6037	161	561	 13
6038	2	640	 93
6039	18	716	 1
6040	10	638	 87
6041	112	525	 98
6042	84	639	 12
6043	84	639	 12
6044	85	639	 11
6045	85	639	 11
6046	90	639	 6
6047	98	541	 96
6048	91	639	 5
6049	109	529	 97
6050	0	113	 622
6051	0	113	 622
6052	0	113	 622
6053	0	113	 622
6054	0	111	 624
6055	0	113	 622
6056	0	113	 622
6057	0	113	 622
6058	0	113	 622
6059	0	113	 622
6060	0	113	 622
6061	0	113	 622
6062	0	113	 622
6063	0	17	 718
6064	0	114	 621
6065	0	114	 621
6066	0	113	 622
6067	0	101	 634
6068	0	101	 634
6069	0	101	 634
6070	0	101	 634
6071	0	101	 634
6072	0	101	 634
6073	0	101	 634
6074	0	101	 634
6075	0	102	 633
6076	0	114	 621
6077	0	114	 621
6078	0	102	 633
6079	0	102	 633
6080	0	113	 622
6081	0	113	 622
6082	0	113	 622
6083	0	113	 622
6084	0	113	 622
6085	0	113	 622
6086	0	113	 622
6087	0	101	 634
6088	0	101	 634
6089	0	101	 634
6090	0	101	 634
6091	0	101	 634
6092	0	101	 634
6093	0	101	 634
6094	0	102	 633
6095	0	102	 633
6096	0	102	 633
6097	0	102	 633
6098	0	1	 734
6099	164	540	 31
6100	0	639	 96
6101	40	639	 56
6102	135	558	 42
6103	0	724	 11
6104	3	639	 93
6105	85	639	 11
6106	100	539	 96
6107	0	639	 96
6108	83	639	 13
6109	42	639	 54
6110	52	623	 60
6111	103	540	 92
6112	0	639	 96
6113	85	639	 11
6114	3	724	 8
6115	0	1	 734
6116	0	101	 634
6117	0	101	 634
6118	0	101	 634
6119	0	100	 635
6120	0	100	 635
6121	0	99	 636
6122	0	98	 637
6123	0	97	 638
6124	0	97	 638
6125	0	96	 639
6126	0	96	 639
6127	0	96	 639
6128	0	97	 638
6129	0	97	 638
6130	0	97	 638
6131	0	96	 639
6132	0	96	 639
6133	0	96	 639
6134	51	620	 64
6135	108	531	 96
6136	46	639	 50
6137	100	627	 8
6138	0	108	 627
6139	0	108	 627
6140	0	96	 639
6141	0	96	 639
6142	0	108	 627
6143	0	108	 627
6144	0	96	 639
6145	0	96	 639
6146	0	96	 639
6147	85	639	 11
6148	0	639	 96
6149	39	639	 57
6150	16	625	 94
6151	138	547	 50
6152	2	639	 94
6153	85	639	 11
6154	0	16	 719
6155	0	14	 721
6156	97	542	 96
6157	0	639	 96
6158	34	639	 62
6159	242	301	 192
6160	334	305	 96
6161	423	301	 11
6162	94	547	 94
6163	85	641	 9
6164	0	642	 93
6165	0	729	 6
6166	0	640	 95
6167	44	639	 52
6168	37	639	 59
6169	32	639	 64
6170	108	531	 96
6171	2	639	 94
6172	0	92	 643
6173	0	108	 627
6174	0	96	 639
6175	0	96	 639
6176	0	96	 639
6177	0	96	 639
6178	0	96	 639
6179	0	96	 639
6180	0	96	 639
6181	0	96	 639
6182	0	96	 639
6183	55	623	 57
6184	145	543	 47
6185	84	639	 12
6186	96	628	 11
6187	11	638	 86
6188	3	301	 431
6189	379	303	 53
6190	15	624	 96
6191	0	95	 640
6192	0	639	 96
6193	93	542	 100
6194	86	353	 296
6195	123	303	 309
6196	81	639	 15
6197	431	210	 94
6198	0	639	 96
6199	178	546	 11
6200	0	721	 14
6201	87	639	 9
6202	3	639	 93
6203	84	640	 11
6204	95	543	 97
6205	85	639	 11
6206	1	639	 95
6207	78	639	 18
6208	47	639	 49
6209	0	724	 11
6210	8	639	 88
6211	85	639	 11
6212	0	639	 96
6213	79	639	 17
6214	85	639	 11
6215	4	639	 92
6216	85	639	 11
6217	8	678	 49
6218	0	724	 11
6219	3	639	 93
6220	7	634	 94
6221	0	724	 11
6222	94	545	 96
6223	122	561	 52
6224	1	639	 95
6225	0	107	 628
6226	0	107	 628
6227	0	107	 628
6228	0	107	 628
6229	0	107	 628
6230	0	107	 628
6231	0	105	 630
6232	0	95	 640
6233	0	95	 640
6234	0	95	 640
6235	0	95	 640
6236	0	95	 640
6237	0	95	 640
6238	0	95	 640
6239	0	95	 640
6240	0	95	 640
6241	2	640	 93
6242	5	639	 91
6243	4	639	 92
6244	0	639	 96
6245	76	639	 20
6246	183	544	 8
6247	42	639	 54
6248	71	645	 19
6249	85	639	 11
6250	2	639	 94
6251	1	639	 95
6252	0	15	 720
6253	0	95	 640
6254	0	95	 640
6255	0	95	 640
6256	0	95	 640
6257	0	95	 640
6258	0	95	 640
6259	0	95	 640
6260	0	95	 640
6261	0	95	 640
6262	0	3	 732
6263	0	95	 640
6264	0	94	 641
6265	0	95	 640
6266	0	95	 640
6267	0	95	 640
6268	4	639	 92
6269	178	546	 11
6270	0	722	 13
6271	0	724	 11
6272	87	640	 8
6273	1	640	 94
6274	42	640	 53
6275	178	546	 11
6276	80	644	 11
6277	29	644	 62
6278	0	82	 653
6279	0	80	 655
