bin1 	bin2 	genomic_pos1 	genomic_pos2 	enrichment_value
6 	7 	15060000 	15070000 	8.723521
6 	18 	15060000 	15180000 	2.541236
6 	19 	15060000 	15190000 	2.0928304
6 	36 	15060000 	15360000 	4.5710754
6 	37 	15060000 	15370000 	4.6140165
6 	38 	15060000 	15380000 	7.7824974
6 	41 	15060000 	15410000 	2.127355
6 	43 	15060000 	15430000 	3.6754348
6 	45 	15060000 	15450000 	4.7529106
6 	46 	15060000 	15460000 	6.8505716
6 	47 	15060000 	15470000 	5.8355994
6 	56 	15060000 	15560000 	2.985092
7 	18 	15070000 	15180000 	2.4713552
7 	36 	15070000 	15360000 	2.2579691
7 	37 	15070000 	15370000 	4.029266
7 	38 	15070000 	15380000 	3.9921699
7 	41 	15070000 	15410000 	1.1822032
7 	43 	15070000 	15430000 	1.2254966
7 	45 	15070000 	15450000 	3.5216854
7 	46 	15070000 	15460000 	1.2689886
7 	51 	15070000 	15510000 	1.8372684
7 	53 	15070000 	15530000 	1.3082128
18 	19 	15180000 	15190000 	5.78318
18 	37 	15180000 	15370000 	3.8658907
18 	38 	15180000 	15380000 	5.2666607
18 	43 	15180000 	15430000 	5.029838
18 	45 	15180000 	15450000 	1.0324389
18 	47 	15180000 	15470000 	3.1114388
18 	51 	15180000 	15510000 	3.2317495
18 	53 	15180000 	15530000 	1.5340949
18 	58 	15180000 	15580000 	2.2397323
18 	72 	15180000 	15720000 	2.4390638
18 	78 	15180000 	15780000 	1.1901451
18 	192 	15180000 	16920000 	1.0715612
19 	36 	15190000 	15360000 	1.226601
19 	37 	15190000 	15370000 	3.1837475
19 	38 	15190000 	15380000 	3.855421
19 	41 	15190000 	15410000 	1.7125616
19 	43 	15190000 	15430000 	2.9587958
19 	45 	15190000 	15450000 	2.125658
19 	47 	15190000 	15470000 	1.2812098
19 	53 	15190000 	15530000 	1.8951017
19 	56 	15190000 	15560000 	1.2015281
36 	37 	15360000 	15370000 	7.9858685
36 	38 	15360000 	15380000 	6.081728
36 	45 	15360000 	15450000 	1.6507648
36 	46 	15360000 	15460000 	3.5689757
36 	47 	15360000 	15470000 	2.4874368
36 	51 	15360000 	15510000 	1.7224128
36 	53 	15360000 	15530000 	1.8396461
36 	58 	15360000 	15580000 	1.7905521
36 	146 	15360000 	16460000 	1.0728612
36 	163 	15360000 	16630000 	1.6333857
37 	38 	15370000 	15380000 	14.800217
37 	41 	15370000 	15410000 	2.1575124
37 	43 	15370000 	15430000 	1.4910152
37 	45 	15370000 	15450000 	2.1423502
37 	46 	15370000 	15460000 	2.3158953
37 	47 	15370000 	15470000 	3.7662065
37 	58 	15370000 	15580000 	2.323765
37 	78 	15370000 	15780000 	1.2347982
37 	83 	15370000 	15830000 	1.1331294
38 	41 	15380000 	15410000 	1.9595113
38 	43 	15380000 	15430000 	4.7396317
38 	45 	15380000 	15450000 	4.8643513
38 	46 	15380000 	15460000 	2.103359
38 	47 	15380000 	15470000 	2.9319181
38 	56 	15380000 	15560000 	2.7495747
38 	62 	15380000 	15620000 	1.3754052
38 	75 	15380000 	15750000 	1.2586254
38 	122 	15380000 	16220000 	2.6782176
38 	146 	15380000 	16460000 	1.2645713
41 	43 	15410000 	15430000 	7.218254
41 	46 	15410000 	15460000 	14.948849
41 	47 	15410000 	15470000 	5.209382
41 	53 	15410000 	15530000 	2.5684857
41 	192 	15410000 	16920000 	3.588161
43 	45 	15430000 	15450000 	4.1810575
43 	46 	15430000 	15460000 	7.7481456
43 	47 	15430000 	15470000 	4.2001204
43 	51 	15430000 	15510000 	2.492873
43 	56 	15430000 	15560000 	1.6881018
43 	57 	15430000 	15570000 	1.0473112
43 	58 	15430000 	15580000 	2.5914917
45 	46 	15450000 	15460000 	8.159813
45 	47 	15450000 	15470000 	3.9399636
45 	53 	15450000 	15530000 	3.1880443
45 	56 	15450000 	15560000 	3.6382985
45 	72 	15450000 	15720000 	4.054948
46 	47 	15460000 	15470000 	10.811254
46 	51 	15460000 	15510000 	3.8720145
46 	53 	15460000 	15530000 	5.5140767
46 	56 	15460000 	15560000 	5.2440343
46 	163 	15460000 	16630000 	3.6718802
47 	51 	15470000 	15510000 	2.6986432
47 	53 	15470000 	15530000 	1.281032
47 	56 	15470000 	15560000 	1.2182956
47 	57 	15470000 	15570000 	1.5116798
47 	58 	15470000 	15580000 	7.4810724
47 	72 	15470000 	15720000 	2.036718
47 	75 	15470000 	15750000 	1.6730347
47 	78 	15470000 	15780000 	2.9814596
47 	80 	15470000 	15800000 	4.2739654
47 	146 	15470000 	16460000 	1.1206254
47 	222 	15470000 	17220000 	2.5063934
51 	53 	15510000 	15530000 	3.9916978
51 	56 	15510000 	15560000 	5.061615
51 	57 	15510000 	15570000 	3.1402645
51 	58 	15510000 	15580000 	15.540689
51 	62 	15510000 	15620000 	1.6879631
51 	75 	15510000 	15750000 	4.6339364
51 	77 	15510000 	15770000 	1.487564
51 	80 	15510000 	15800000 	4.439228
51 	82 	15510000 	15820000 	1.190189
51 	83 	15510000 	15830000 	1.894513
53 	56 	15530000 	15560000 	1.802042
53 	57 	15530000 	15570000 	8.944004
53 	58 	15530000 	15580000 	16.598444
53 	62 	15530000 	15620000 	1.8028517
53 	71 	15530000 	15710000 	21.130375
53 	75 	15530000 	15750000 	2.474669
53 	77 	15530000 	15770000 	3.1776252
53 	78 	15530000 	15780000 	2.9400172
53 	83 	15530000 	15830000 	1.3489734
53 	146 	15530000 	16460000 	1.6575731
53 	163 	15530000 	16630000 	2.5235848
56 	57 	15560000 	15570000 	18.921331
56 	58 	15560000 	15580000 	5.261854
56 	62 	15560000 	15620000 	2.2860804
56 	72 	15560000 	15720000 	5.7301474
56 	75 	15560000 	15750000 	1.5689843
56 	77 	15560000 	15770000 	2.014671
56 	78 	15560000 	15780000 	5.5920696
56 	82 	15560000 	15820000 	1.6119237
56 	163 	15560000 	16630000 	2.3999965
57 	58 	15570000 	15580000 	20.784016
57 	62 	15570000 	15620000 	4.2549043
57 	71 	15570000 	15710000 	24.934866
57 	72 	15570000 	15720000 	3.5550275
57 	75 	15570000 	15750000 	1.9468195
57 	77 	15570000 	15770000 	4.9996686
57 	78 	15570000 	15780000 	10.408089
57 	83 	15570000 	15830000 	3.183708
57 	163 	15570000 	16630000 	4.4669285
58 	62 	15580000 	15620000 	7.018958
58 	71 	15580000 	15710000 	61.69943
58 	72 	15580000 	15720000 	8.796643
58 	75 	15580000 	15750000 	14.45177
58 	77 	15580000 	15770000 	6.18565
58 	78 	15580000 	15780000 	4.292337
58 	80 	15580000 	15800000 	18.459381
58 	82 	15580000 	15820000 	2.474547
58 	83 	15580000 	15830000 	7.8778424
58 	163 	15580000 	16630000 	3.684358
58 	190 	15580000 	16900000 	6.8284287
58 	194 	15580000 	16940000 	18.728003
58 	237 	15580000 	17370000 	1.6544521
58 	239 	15580000 	17390000 	2.7129424
62 	71 	15620000 	15710000 	40.209167
62 	72 	15620000 	15720000 	9.554538
62 	75 	15620000 	15750000 	2.0929189
62 	77 	15620000 	15770000 	1.3437175
62 	78 	15620000 	15780000 	1.864861
62 	80 	15620000 	15800000 	4.009958
62 	82 	15620000 	15820000 	3.762845
62 	192 	15620000 	16920000 	3.3580987
71 	72 	15710000 	15720000 	119.185265
71 	75 	15710000 	15750000 	55.192764
71 	82 	15710000 	15820000 	18.901087
72 	75 	15720000 	15750000 	13.114954
72 	77 	15720000 	15770000 	3.3680797
72 	78 	15720000 	15780000 	4.674345
72 	80 	15720000 	15800000 	10.051113
72 	82 	15720000 	15820000 	5.389552
75 	77 	15750000 	15770000 	8.299991
75 	78 	15750000 	15780000 	10.239141
75 	82 	15750000 	15820000 	3.6893125
75 	83 	15750000 	15830000 	1.174511
75 	146 	15750000 	16460000 	1.4431994
75 	163 	15750000 	16630000 	1.0986052
75 	194 	15750000 	16940000 	5.584332
75 	222 	15750000 	17220000 	3.2278636
77 	78 	15770000 	15780000 	18.078058
77 	80 	15770000 	15800000 	7.0677705
77 	82 	15770000 	15820000 	4.737301
77 	83 	15770000 	15830000 	1.5081434
77 	122 	15770000 	16220000 	7.8495445
77 	192 	15770000 	16920000 	1.4797084
78 	80 	15780000 	15800000 	14.713371
78 	82 	15780000 	15820000 	6.5746017
78 	83 	15780000 	15830000 	6.279171
78 	163 	15780000 	16630000 	1.9577876
78 	192 	15780000 	16920000 	2.0535944
78 	193 	15780000 	16930000 	13.835463
78 	222 	15780000 	17220000 	5.7522693
80 	82 	15800000 	15820000 	5.6548724
80 	83 	15800000 	15830000 	13.5019245
80 	122 	15800000 	16220000 	23.424822
80 	237 	15800000 	17370000 	1.8903897
80 	238 	15800000 	17380000 	2.101282
82 	83 	15820000 	15830000 	17.764616
82 	146 	15820000 	16460000 	1.4826963
82 	163 	15820000 	16630000 	4.514685
82 	190 	15820000 	16900000 	2.0918305
82 	193 	15820000 	16930000 	3.9880955
83 	146 	15830000 	16460000 	2.3601189
83 	163 	15830000 	16630000 	3.593181
83 	193 	15830000 	16930000 	6.34815
83 	194 	15830000 	16940000 	9.132269
83 	237 	15830000 	17370000 	1.6135093
146 	163 	16460000 	16630000 	4.4151797
163 	190 	16630000 	16900000 	3.1145308
163 	192 	16630000 	16920000 	1.7627174
163 	193 	16630000 	16930000 	5.937884
163 	222 	16630000 	17220000 	4.937501
163 	240 	16630000 	17400000 	1.349787
190 	192 	16900000 	16920000 	9.800831
190 	222 	16900000 	17220000 	9.15095
190 	239 	16900000 	17390000 	2.2933552
192 	193 	16920000 	16930000 	25.888395
192 	194 	16920000 	16940000 	17.920176
192 	238 	16920000 	17380000 	3.5193949
193 	238 	16930000 	17380000 	2.963856
237 	238 	17370000 	17380000 	8.070899
237 	239 	17370000 	17390000 	4.4452353
237 	240 	17370000 	17400000 	2.4244747
238 	239 	17380000 	17390000 	8.507212
238 	240 	17380000 	17400000 	7.411111
239 	240 	17390000 	17400000 	11.205172
