                            OLS Regression Results                            
==============================================================================
Dep. Variable:              SRR072893   R-squared:                       0.000
Model:                            OLS   Adj. R-squared:                  0.000
Method:                 Least Squares   F-statistic:                     3.064
Date:                Mon, 03 Sep 2018   Prob (F-statistic):            0.00910
Time:                        12:09:56   Log-Likelihood:                -62483.
No. Observations:               34717   AIC:                         1.250e+05
Df Residuals:                   34711   BIC:                         1.250e+05
Df Model:                           5                                         
Covariance Type:            nonrobust                                         
==============================================================================
                 coef    std err          t      P>|t|      [0.025      0.975]
------------------------------------------------------------------------------
Intercept      0.8056      0.010     83.527      0.000       0.787       0.825
H3K4me1       -0.0012      0.003     -0.407      0.684      -0.007       0.004
H3K4me3       -0.0074      0.003     -2.430      0.015      -0.013      -0.001
H3K9ac         0.0035      0.002      1.871      0.061      -0.000       0.007
H3K27ac        0.0007      0.005      0.153      0.878      -0.009       0.010
H3K27me3       0.0009      0.003      0.281      0.779      -0.005       0.007
==============================================================================
Omnibus:                    10048.669   Durbin-Watson:                   1.343
Prob(Omnibus):                  0.000   Jarque-Bera (JB):            22150.971
Skew:                           1.717   Prob(JB):                         0.00
Kurtosis:                       4.878   Cond. No.                         6.46
==============================================================================

Warnings:
[1] Standard Errors assume that the covariance matrix of the errors is correctly specified.
