                            OLS Regression Results                            
==============================================================================
Dep. Variable:              SRR072893   R-squared:                       0.000
Model:                            OLS   Adj. R-squared:                 -0.000
Method:                 Least Squares   F-statistic:                    0.4500
Date:                Fri, 31 Aug 2018   Prob (F-statistic):              0.814
Time:                        15:37:09   Log-Likelihood:            -2.0485e+05
No. Observations:               34693   AIC:                         4.097e+05
Df Residuals:                   34687   BIC:                         4.098e+05
Df Model:                           5                                         
Covariance Type:            nonrobust                                         
==============================================================================
                 coef    std err          t      P>|t|      [0.025      0.975]
------------------------------------------------------------------------------
Intercept     13.4508      0.585     22.991      0.000      12.304      14.598
H3K4me1        0.1994      0.175      1.136      0.256      -0.145       0.543
H3K4me3        0.0943      0.184      0.513      0.608      -0.266       0.454
H3K9ac         0.0272      0.113      0.240      0.811      -0.195       0.249
H3K27ac       -0.2440      0.287     -0.851      0.395      -0.806       0.318
H3K27me3       0.0758      0.195      0.388      0.698      -0.307       0.459
==============================================================================
Omnibus:                    86577.169   Durbin-Watson:                   1.857
Prob(Omnibus):                  0.000   Jarque-Bera (JB):       2409723017.127
Skew:                          27.037   Prob(JB):                         0.00
Kurtosis:                    1292.992   Cond. No.                         6.47
==============================================================================

Warnings:
[1] Standard Errors assume that the covariance matrix of the errors is correctly specified.
